[2015-05-13 12:53:42,706] ERROR org.apache.axis.utils.Admin  - Usage:  Admin client|server <xml-file>
[2015-05-13 12:53:42,706] ERROR org.apache.axis.utils.Admin  - Where <xml-file> looks like:
[2015-05-13 12:53:42,706] ERROR org.apache.axis.utils.Admin  - <deploy>
[2015-05-13 12:53:42,706] ERROR org.apache.axis.utils.Admin  -   <handler name=a class=className/>
[2015-05-13 12:53:42,706] ERROR org.apache.axis.utils.Admin  -   <chain name=a flow="a,b,c" />
[2015-05-13 12:53:42,722] ERROR org.apache.axis.utils.Admin  -   <chain name=a request="a,b,c" pivot="d"
[2015-05-13 12:53:42,722] ERROR org.apache.axis.utils.Admin  -                   response="e,f,g" />
[2015-05-13 12:53:42,722] ERROR org.apache.axis.utils.Admin  -   <service name=a handler=b />
[2015-05-13 12:53:42,722] ERROR org.apache.axis.utils.Admin  - </deploy>
[2015-05-13 12:53:42,722] ERROR org.apache.axis.utils.Admin  - <undeploy>
[2015-05-13 12:53:42,722] ERROR org.apache.axis.utils.Admin  -   <handler name=a/>
[2015-05-13 12:53:42,722] ERROR org.apache.axis.utils.Admin  -   <chain name=a/>
[2015-05-13 12:53:42,722] ERROR org.apache.axis.utils.Admin  -   <service name=a/>
[2015-05-13 12:53:42,722] ERROR org.apache.axis.utils.Admin  - </undeploy>
[2015-05-13 12:53:42,722] ERROR org.apache.axis.utils.Admin  - <list/>
[2015-05-13 16:15:46,976] INFO  com.gt.util.ConstructZipFile  - Start constructing zip file 
[2015-05-13 16:15:46,983] INFO  com.gt.util.ConstructZipFile  - CSV FILE NAME: D:\importjournals\COMTH_RV150429.csv
[2015-05-13 16:15:46,987] INFO  com.gt.util.ConstructZipFile  - Completed constructing zip file 
[2015-05-13 16:15:46,987] INFO  com.gt.util.ConstructZipFile  - Start constructing zip file 
[2015-05-13 16:15:46,988] INFO  com.gt.util.ConstructZipFile  - CSV FILE NAME: D:\importjournals\CAATH_RV150429.csv
[2015-05-13 16:15:46,991] INFO  com.gt.util.ConstructZipFile  - Completed constructing zip file 
[2015-05-13 16:15:49,992] INFO  com.gt.util.ConstructZipFile  - Start constructing zip file 
[2015-05-13 16:15:49,992] INFO  com.gt.util.ConstructZipFile  - CSV FILE NAME: D:\importjournals\CurrentJournals20150406.csv
[2015-05-13 16:15:49,992] INFO  com.gt.util.ConstructZipFile  - Completed constructing zip file 
[2015-05-13 16:15:49,992] INFO  com.gt.util.ConstructZipFile  - Start constructing zip file 
[2015-05-13 16:15:49,992] INFO  com.gt.util.ConstructZipFile  - CSV FILE NAME: D:\importjournals\CurrentJournals20150407.csv
[2015-05-13 16:15:49,992] INFO  com.gt.util.ConstructZipFile  - Completed constructing zip file 
[2015-05-13 16:15:52,996] INFO  com.gt.util.ConstructZipFile  - Start constructing zip file 
[2015-05-13 16:15:52,996] INFO  com.gt.util.ConstructZipFile  - CSV FILE NAME: D:\importjournals\CurrentJournals20150415.csv
[2015-05-13 16:15:52,996] INFO  com.gt.util.ConstructZipFile  - Start constructing zip file 
[2015-05-13 16:15:52,996] INFO  com.gt.util.ConstructZipFile  - CSV FILE NAME: D:\importjournals\CVRTH_RV150429.csv
[2015-05-13 16:15:53,006] INFO  com.gt.util.ConstructZipFile  - Completed constructing zip file 
[2015-05-13 16:15:53,006] INFO  com.gt.util.ConstructZipFile  - Completed constructing zip file 
[2015-05-13 16:32:35,374] INFO  com.gt.util.ConstructZipFile  - Start constructing zip file 
[2015-05-13 16:32:35,374] INFO  com.gt.util.ConstructZipFile  - Start constructing zip file 
[2015-05-13 16:32:35,383] INFO  com.gt.util.ConstructZipFile  - CSV FILE NAME: D:\importjournals\CAATH_RV150429.csv
[2015-05-13 16:32:35,383] INFO  com.gt.util.ConstructZipFile  - CSV FILE NAME: D:\importjournals\COMTH_RV150429.csv
[2015-05-13 16:32:35,387] INFO  com.gt.util.ConstructZipFile  - Completed constructing zip file 
[2015-05-13 16:32:35,389] INFO  com.gt.util.ConstructZipFile  - Completed constructing zip file 
[2015-05-13 16:32:38,393] INFO  com.gt.util.ConstructZipFile  - Start constructing zip file 
[2015-05-13 16:32:38,393] INFO  com.gt.util.ConstructZipFile  - Start constructing zip file 
[2015-05-13 16:32:38,393] INFO  com.gt.util.ConstructZipFile  - CSV FILE NAME: D:\importjournals\CurrentJournals20150407.csv
[2015-05-13 16:32:38,393] INFO  com.gt.util.ConstructZipFile  - CSV FILE NAME: D:\importjournals\CurrentJournals20150406.csv
[2015-05-13 16:32:38,393] INFO  com.gt.util.ConstructZipFile  - Completed constructing zip file 
[2015-05-13 16:32:38,393] INFO  com.gt.util.ConstructZipFile  - Completed constructing zip file 
[2015-05-13 16:32:41,394] INFO  com.gt.util.ConstructZipFile  - Start constructing zip file 
[2015-05-13 16:32:41,394] INFO  com.gt.util.ConstructZipFile  - Start constructing zip file 
[2015-05-13 16:32:41,394] INFO  com.gt.util.ConstructZipFile  - CSV FILE NAME: D:\importjournals\CurrentJournals20150415.csv
[2015-05-13 16:32:41,394] INFO  com.gt.util.ConstructZipFile  - CSV FILE NAME: D:\importjournals\CVRTH_RV150429.csv
[2015-05-13 16:32:41,394] INFO  com.gt.util.ConstructZipFile  - Completed constructing zip file 
[2015-05-13 16:32:41,394] INFO  com.gt.util.ConstructZipFile  - Completed constructing zip file 
[2015-05-13 16:36:49,630] INFO  com.gt.util.ConstructZipFile  - Start constructing zip file 
[2015-05-13 16:36:49,637] INFO  com.gt.util.ConstructZipFile  - CSV FILE NAME: D:\importjournals\COMTH_RV150429.csv
[2015-05-13 16:36:49,630] INFO  com.gt.util.ConstructZipFile  - Start constructing zip file 
[2015-05-13 16:36:49,641] INFO  com.gt.util.ConstructZipFile  - Completed constructing zip file 
[2015-05-13 16:36:49,642] INFO  com.gt.util.ConstructZipFile  - CSV FILE NAME: D:\importjournals\CAATH_RV150429.csv
[2015-05-13 16:36:49,645] INFO  com.gt.util.ConstructZipFile  - Completed constructing zip file 
[2015-05-13 16:36:52,642] INFO  com.gt.util.ConstructZipFile  - Start constructing zip file 
[2015-05-13 16:36:52,642] INFO  com.gt.util.ConstructZipFile  - CSV FILE NAME: D:\importjournals\CurrentJournals20150406.csv
[2015-05-13 16:36:52,642] INFO  com.gt.util.ConstructZipFile  - Completed constructing zip file 
[2015-05-13 16:36:52,652] INFO  com.gt.util.ConstructZipFile  - Start constructing zip file 
[2015-05-13 16:36:52,652] INFO  com.gt.util.ConstructZipFile  - CSV FILE NAME: D:\importjournals\CurrentJournals20150407.csv
[2015-05-13 16:36:52,652] INFO  com.gt.util.ConstructZipFile  - Completed constructing zip file 
[2015-05-13 16:36:55,647] INFO  com.gt.util.ConstructZipFile  - Start constructing zip file 
[2015-05-13 16:36:55,647] INFO  com.gt.util.ConstructZipFile  - CSV FILE NAME: D:\importjournals\CurrentJournals20150415.csv
[2015-05-13 16:36:55,657] INFO  com.gt.util.ConstructZipFile  - Start constructing zip file 
[2015-05-13 16:36:55,657] INFO  com.gt.util.ConstructZipFile  - CSV FILE NAME: D:\importjournals\CVRTH_RV150429.csv
[2015-05-13 16:36:55,657] INFO  com.gt.util.ConstructZipFile  - Completed constructing zip file 
[2015-05-13 16:36:55,668] INFO  com.gt.util.ConstructZipFile  - Completed constructing zip file 
[2015-05-13 16:37:27,657] INFO  com.gt.util.ConstructZipFile  - Start constructing zip file 
[2015-05-13 16:37:27,657] INFO  com.gt.util.ConstructZipFile  - Start constructing zip file 
[2015-05-13 16:37:27,665] INFO  com.gt.util.ConstructZipFile  - CSV FILE NAME: D:\importjournals\COMTH_RV150429.csv
[2015-05-13 16:37:27,665] INFO  com.gt.util.ConstructZipFile  - CSV FILE NAME: D:\importjournals\CAATH_RV150429.csv
[2015-05-13 16:37:27,672] INFO  com.gt.util.ConstructZipFile  - Completed constructing zip file 
[2015-05-13 16:37:27,680] INFO  com.gt.util.ConstructZipFile  - Completed constructing zip file 
[2015-05-13 16:37:30,680] INFO  com.gt.util.ConstructZipFile  - Start constructing zip file 
[2015-05-13 16:37:30,680] INFO  com.gt.util.ConstructZipFile  - CSV FILE NAME: D:\importjournals\CurrentJournals20150406.csv
[2015-05-13 16:37:30,680] INFO  com.gt.util.ConstructZipFile  - Completed constructing zip file 
[2015-05-13 16:37:30,690] INFO  com.gt.util.ConstructZipFile  - Start constructing zip file 
[2015-05-13 16:37:30,690] INFO  com.gt.util.ConstructZipFile  - CSV FILE NAME: D:\importjournals\CurrentJournals20150407.csv
[2015-05-13 16:37:30,690] INFO  com.gt.util.ConstructZipFile  - Completed constructing zip file 
[2015-05-13 16:37:33,682] INFO  com.gt.util.ConstructZipFile  - Start constructing zip file 
[2015-05-13 16:37:33,682] INFO  com.gt.util.ConstructZipFile  - CSV FILE NAME: D:\importjournals\CurrentJournals20150415.csv
[2015-05-13 16:37:33,682] INFO  com.gt.util.ConstructZipFile  - Completed constructing zip file 
[2015-05-13 16:37:33,692] INFO  com.gt.util.ConstructZipFile  - Start constructing zip file 
[2015-05-13 16:37:33,692] INFO  com.gt.util.ConstructZipFile  - CSV FILE NAME: D:\importjournals\CVRTH_RV150429.csv
[2015-05-13 16:37:33,692] INFO  com.gt.util.ConstructZipFile  - Completed constructing zip file 
[2015-05-13 16:38:20,106] INFO  com.gt.util.ConstructZipFile  - Start constructing zip file 
[2015-05-13 16:38:20,107] INFO  com.gt.util.ConstructZipFile  - Start constructing zip file 
[2015-05-13 16:38:20,106] INFO  com.gt.util.ConstructZipFile  - Start constructing zip file 
[2015-05-13 16:38:20,108] INFO  com.gt.util.ConstructZipFile  - Start constructing zip file 
[2015-05-13 16:38:20,112] INFO  com.gt.util.ConstructZipFile  - CSV FILE NAME: D:\importjournals\CAATH_RV150429.csv
[2015-05-13 16:38:20,113] INFO  com.gt.util.ConstructZipFile  - CSV FILE NAME: D:\importjournals\COMTH_RV150429.csv
[2015-05-13 16:38:20,113] INFO  com.gt.util.ConstructZipFile  - CSV FILE NAME: D:\importjournals\CurrentJournals20150406.csv
[2015-05-13 16:38:20,118] INFO  com.gt.util.ConstructZipFile  - Completed constructing zip file 
[2015-05-13 16:38:20,120] INFO  com.gt.util.ConstructZipFile  - Completed constructing zip file 
[2015-05-13 16:38:20,122] INFO  com.gt.util.ConstructZipFile  - Completed constructing zip file 
[2015-05-13 16:38:20,125] INFO  com.gt.util.ConstructZipFile  - CSV FILE NAME: D:\importjournals\CurrentJournals20150407.csv
[2015-05-13 16:38:20,127] INFO  com.gt.util.ConstructZipFile  - Completed constructing zip file 
[2015-05-13 16:38:23,126] INFO  com.gt.util.ConstructZipFile  - Start constructing zip file 
[2015-05-13 16:38:23,126] INFO  com.gt.util.ConstructZipFile  - Start constructing zip file 
[2015-05-13 16:38:23,126] INFO  com.gt.util.ConstructZipFile  - CSV FILE NAME: D:\importjournals\CVRTH_RV150429.csv
[2015-05-13 16:38:23,126] INFO  com.gt.util.ConstructZipFile  - CSV FILE NAME: D:\importjournals\CurrentJournals20150415.csv
[2015-05-13 16:38:23,126] INFO  com.gt.util.ConstructZipFile  - Completed constructing zip file 
[2015-05-13 16:38:23,126] INFO  com.gt.util.ConstructZipFile  - Completed constructing zip file 
[2015-05-13 16:38:44,194] INFO  com.gt.util.ConstructZipFile  - Start constructing zip file 
[2015-05-13 16:38:44,196] INFO  com.gt.util.ConstructZipFile  - Start constructing zip file 
[2015-05-13 16:38:44,196] INFO  com.gt.util.ConstructZipFile  - Start constructing zip file 
[2015-05-13 16:38:44,196] INFO  com.gt.util.ConstructZipFile  - Start constructing zip file 
[2015-05-13 16:38:44,200] INFO  com.gt.util.ConstructZipFile  - CSV FILE NAME: D:\importjournals\CurrentJournals20150406.csv
[2015-05-13 16:38:44,200] INFO  com.gt.util.ConstructZipFile  - CSV FILE NAME: D:\importjournals\CurrentJournals20150407.csv
[2015-05-13 16:38:44,201] INFO  com.gt.util.ConstructZipFile  - CSV FILE NAME: D:\importjournals\CAATH_RV150429.csv
[2015-05-13 16:38:44,205] INFO  com.gt.util.ConstructZipFile  - Completed constructing zip file 
[2015-05-13 16:38:44,208] INFO  com.gt.util.ConstructZipFile  - Completed constructing zip file 
[2015-05-13 16:38:44,210] INFO  com.gt.util.ConstructZipFile  - Completed constructing zip file 
[2015-05-13 16:38:44,211] INFO  com.gt.util.ConstructZipFile  - CSV FILE NAME: D:\importjournals\COMTH_RV150429.csv
[2015-05-13 16:38:44,214] INFO  com.gt.util.ConstructZipFile  - Completed constructing zip file 
[2015-05-13 16:38:47,208] INFO  com.gt.util.ConstructZipFile  - Start constructing zip file 
[2015-05-13 16:38:47,208] INFO  com.gt.util.ConstructZipFile  - CSV FILE NAME: D:\importjournals\CVRTH_RV150429.csv
[2015-05-13 16:38:47,208] INFO  com.gt.util.ConstructZipFile  - Completed constructing zip file 
[2015-05-13 16:38:47,208] INFO  com.gt.util.ConstructZipFile  - Start constructing zip file 
[2015-05-13 16:38:47,208] INFO  com.gt.util.ConstructZipFile  - CSV FILE NAME: D:\importjournals\CurrentJournals20150415.csv
[2015-05-13 16:38:47,208] INFO  com.gt.util.ConstructZipFile  - Completed constructing zip file 
[2015-05-13 16:46:42,395] INFO  com.gt.util.ConstructZipFile  - Start constructing zip file 
[2015-05-13 16:46:42,396] INFO  com.gt.util.ConstructZipFile  - Start constructing zip file 
[2015-05-13 16:46:42,397] INFO  com.gt.util.ConstructZipFile  - Start constructing zip file 
[2015-05-13 16:46:42,399] INFO  com.gt.util.ConstructZipFile  - Start constructing zip file 
[2015-05-13 16:46:42,404] INFO  com.gt.util.ConstructZipFile  - CSV FILE NAME: D:\importjournals\CAATH_RV150429.csv
[2015-05-13 16:46:42,408] INFO  com.gt.util.ConstructZipFile  - Completed constructing zip file 
[2015-05-13 16:46:42,409] INFO  com.gt.util.ConstructZipFile  - CSV FILE NAME: D:\importjournals\CurrentJournals20150406.csv
[2015-05-13 16:46:42,411] INFO  com.gt.util.ConstructZipFile  - CSV FILE NAME: D:\importjournals\COMTH_RV150429.csv
[2015-05-13 16:46:42,411] INFO  com.gt.util.ConstructZipFile  - Completed constructing zip file 
[2015-05-13 16:46:42,414] INFO  com.gt.util.ConstructZipFile  - Completed constructing zip file 
[2015-05-13 16:46:42,416] INFO  com.gt.util.ConstructZipFile  - CSV FILE NAME: D:\importjournals\CurrentJournals20150407.csv
[2015-05-13 16:46:42,419] INFO  com.gt.util.ConstructZipFile  - Completed constructing zip file 
[2015-05-13 16:46:45,408] INFO  com.gt.util.ConstructZipFile  - Start constructing zip file 
[2015-05-13 16:46:45,408] INFO  com.gt.util.ConstructZipFile  - CSV FILE NAME: D:\importjournals\CurrentJournals20150415.csv
[2015-05-13 16:46:45,408] INFO  com.gt.util.ConstructZipFile  - Completed constructing zip file 
[2015-05-13 16:46:45,418] INFO  com.gt.util.ConstructZipFile  - Start constructing zip file 
[2015-05-13 16:46:45,418] INFO  com.gt.util.ConstructZipFile  - CSV FILE NAME: D:\importjournals\CVRTH_RV150429.csv
[2015-05-13 16:46:45,429] INFO  com.gt.util.ConstructZipFile  - Completed constructing zip file 
[2015-05-13 16:47:14,948] INFO  com.gt.util.ConstructZipFile  - Start constructing zip file 
[2015-05-13 16:47:14,956] INFO  com.gt.util.ConstructZipFile  - CSV FILE NAME: D:\importjournals\COMTH_RV150429.csv
[2015-05-13 16:47:14,960] INFO  com.gt.util.ConstructZipFile  - Completed constructing zip file 
[2015-05-13 16:47:14,960] INFO  com.gt.util.ConstructZipFile  - Start constructing zip file 
[2015-05-13 16:47:14,960] INFO  com.gt.util.ConstructZipFile  - CSV FILE NAME: D:\importjournals\CAATH_RV150429.csv
[2015-05-13 16:47:14,960] INFO  com.gt.util.ConstructZipFile  - Start constructing zip file 
[2015-05-13 16:47:14,961] INFO  com.gt.util.ConstructZipFile  - CSV FILE NAME: D:\importjournals\CurrentJournals20150407.csv
[2015-05-13 16:47:14,963] INFO  com.gt.util.ConstructZipFile  - Completed constructing zip file 
[2015-05-13 16:47:14,966] INFO  com.gt.util.ConstructZipFile  - Completed constructing zip file 
[2015-05-13 16:47:14,966] INFO  com.gt.util.ConstructZipFile  - Start constructing zip file 
[2015-05-13 16:47:14,967] INFO  com.gt.util.ConstructZipFile  - CSV FILE NAME: D:\importjournals\CurrentJournals20150406.csv
[2015-05-13 16:47:14,969] INFO  com.gt.util.ConstructZipFile  - Completed constructing zip file 
[2015-05-13 16:47:17,960] INFO  com.gt.util.ConstructZipFile  - Start constructing zip file 
[2015-05-13 16:47:17,960] INFO  com.gt.util.ConstructZipFile  - CSV FILE NAME: D:\importjournals\CurrentJournals20150415.csv
[2015-05-13 16:47:17,960] INFO  com.gt.util.ConstructZipFile  - Completed constructing zip file 
[2015-05-13 16:47:17,970] INFO  com.gt.util.ConstructZipFile  - Start constructing zip file 
[2015-05-13 16:47:17,970] INFO  com.gt.util.ConstructZipFile  - CSV FILE NAME: D:\importjournals\CVRTH_RV150429.csv
[2015-05-13 16:47:17,970] INFO  com.gt.util.ConstructZipFile  - Completed constructing zip file 
[2015-05-13 16:47:35,345] INFO  com.gt.util.ConstructZipFile  - Start constructing zip file 
[2015-05-13 16:47:35,345] INFO  com.gt.util.ConstructZipFile  - Start constructing zip file 
[2015-05-13 16:47:35,345] INFO  com.gt.util.ConstructZipFile  - Start constructing zip file 
[2015-05-13 16:47:35,350] INFO  com.gt.util.ConstructZipFile  - Start constructing zip file 
[2015-05-13 16:47:35,354] INFO  com.gt.util.ConstructZipFile  - CSV FILE NAME: D:\importjournals\COMTH_RV150429.csv
[2015-05-13 16:47:35,358] INFO  com.gt.util.ConstructZipFile  - Completed constructing zip file 
[2015-05-13 16:47:35,359] INFO  com.gt.util.ConstructZipFile  - CSV FILE NAME: D:\importjournals\CurrentJournals20150406.csv
[2015-05-13 16:47:35,359] INFO  com.gt.util.ConstructZipFile  - CSV FILE NAME: D:\importjournals\CurrentJournals20150407.csv
[2015-05-13 16:47:35,361] INFO  com.gt.util.ConstructZipFile  - CSV FILE NAME: D:\importjournals\CAATH_RV150429.csv
[2015-05-13 16:47:35,365] INFO  com.gt.util.ConstructZipFile  - Completed constructing zip file 
[2015-05-13 16:47:35,365] INFO  com.gt.util.ConstructZipFile  - Completed constructing zip file 
[2015-05-13 16:47:35,367] INFO  com.gt.util.ConstructZipFile  - Completed constructing zip file 
[2015-05-13 16:47:38,367] INFO  com.gt.util.ConstructZipFile  - Start constructing zip file 
[2015-05-13 16:47:38,367] INFO  com.gt.util.ConstructZipFile  - CSV FILE NAME: D:\importjournals\CurrentJournals20150415.csv
[2015-05-13 16:47:38,367] INFO  com.gt.util.ConstructZipFile  - Completed constructing zip file 
[2015-05-13 16:47:38,367] INFO  com.gt.util.ConstructZipFile  - Start constructing zip file 
[2015-05-13 16:47:38,367] INFO  com.gt.util.ConstructZipFile  - CSV FILE NAME: D:\importjournals\CVRTH_RV150429.csv
[2015-05-13 16:47:38,367] INFO  com.gt.util.ConstructZipFile  - Completed constructing zip file 
[2015-05-13 16:48:21,927] INFO  com.gt.util.ConstructZipFile  - Start constructing zip file 
[2015-05-13 16:48:21,928] INFO  com.gt.util.ConstructZipFile  - Start constructing zip file 
[2015-05-13 16:48:21,928] INFO  com.gt.util.ConstructZipFile  - Start constructing zip file 
[2015-05-13 16:48:21,927] INFO  com.gt.util.ConstructZipFile  - Start constructing zip file 
[2015-05-13 16:48:21,927] INFO  com.gt.util.ConstructZipFile  - Start constructing zip file 
[2015-05-13 16:48:21,933] INFO  com.gt.util.ConstructZipFile  - CSV FILE NAME: D:\importjournals\CurrentJournals20150415.csv
[2015-05-13 16:48:21,933] INFO  com.gt.util.ConstructZipFile  - CSV FILE NAME: D:\importjournals\COMTH_RV150429.csv
[2015-05-13 16:48:21,937] INFO  com.gt.util.ConstructZipFile  - Completed constructing zip file 
[2015-05-13 16:48:21,938] INFO  com.gt.util.ConstructZipFile  - CSV FILE NAME: D:\importjournals\CAATH_RV150429.csv
[2015-05-13 16:48:21,938] INFO  com.gt.util.ConstructZipFile  - Completed constructing zip file 
[2015-05-13 16:48:21,927] INFO  com.gt.util.ConstructZipFile  - Start constructing zip file 
[2015-05-13 16:48:21,938] INFO  com.gt.util.ConstructZipFile  - CSV FILE NAME: D:\importjournals\CVRTH_RV150429.csv
[2015-05-13 16:48:21,941] INFO  com.gt.util.ConstructZipFile  - Completed constructing zip file 
[2015-05-13 16:48:21,941] INFO  com.gt.util.ConstructZipFile  - CSV FILE NAME: D:\importjournals\CurrentJournals20150406.csv
[2015-05-13 16:48:21,944] INFO  com.gt.util.ConstructZipFile  - Completed constructing zip file 
[2015-05-13 16:48:21,948] INFO  com.gt.util.ConstructZipFile  - Completed constructing zip file 
[2015-05-13 16:48:21,948] INFO  com.gt.util.ConstructZipFile  - CSV FILE NAME: D:\importjournals\CurrentJournals20150407.csv
[2015-05-13 16:48:21,951] INFO  com.gt.util.ConstructZipFile  - Completed constructing zip file 
[2015-05-13 16:49:02,379] INFO  com.gt.util.ConstructZipFile  - Start constructing zip file 
[2015-05-13 16:49:02,381] INFO  com.gt.util.ConstructZipFile  - Start constructing zip file 
[2015-05-13 16:49:02,381] INFO  com.gt.util.ConstructZipFile  - Start constructing zip file 
[2015-05-13 16:49:02,381] INFO  com.gt.util.ConstructZipFile  - Start constructing zip file 
[2015-05-13 16:49:02,382] INFO  com.gt.util.ConstructZipFile  - Start constructing zip file 
[2015-05-13 16:49:02,382] INFO  com.gt.util.ConstructZipFile  - Start constructing zip file 
[2015-05-13 16:49:02,385] INFO  com.gt.util.ConstructZipFile  - CSV FILE NAME: D:\importjournals\CurrentJournals20150406.csv
[2015-05-13 16:49:02,385] INFO  com.gt.util.ConstructZipFile  - CSV FILE NAME: D:\importjournals\CVRTH_RV150429.csv
[2015-05-13 16:49:02,389] INFO  com.gt.util.ConstructZipFile  - Completed constructing zip file 
[2015-05-13 16:49:02,390] INFO  com.gt.util.ConstructZipFile  - Completed constructing zip file 
[2015-05-13 16:49:02,390] INFO  com.gt.util.ConstructZipFile  - CSV FILE NAME: D:\importjournals\COMTH_RV150429.csv
[2015-05-13 16:49:02,393] INFO  com.gt.util.ConstructZipFile  - Completed constructing zip file 
[2015-05-13 16:49:02,394] INFO  com.gt.util.ConstructZipFile  - CSV FILE NAME: D:\importjournals\CurrentJournals20150407.csv
[2015-05-13 16:49:02,396] INFO  com.gt.util.ConstructZipFile  - Completed constructing zip file 
[2015-05-13 16:49:02,397] INFO  com.gt.util.ConstructZipFile  - CSV FILE NAME: D:\importjournals\CAATH_RV150429.csv
[2015-05-13 16:49:02,400] INFO  com.gt.util.ConstructZipFile  - Completed constructing zip file 
[2015-05-13 16:49:02,400] INFO  com.gt.util.ConstructZipFile  - CSV FILE NAME: D:\importjournals\CurrentJournals20150415.csv
[2015-05-13 16:49:02,403] INFO  com.gt.util.ConstructZipFile  - Completed constructing zip file 
[2015-05-13 16:50:06,938] INFO  com.gt.util.ConstructZipFile  - Start constructing zip file 
[2015-05-13 16:50:06,938] INFO  com.gt.util.ConstructZipFile  - Start constructing zip file 
[2015-05-13 16:50:06,938] INFO  com.gt.util.ConstructZipFile  - Start constructing zip file 
[2015-05-13 16:50:06,938] INFO  com.gt.util.ConstructZipFile  - Start constructing zip file 
[2015-05-13 16:50:06,940] INFO  com.gt.util.ConstructZipFile  - Start constructing zip file 
[2015-05-13 16:50:06,944] INFO  com.gt.util.ConstructZipFile  - CSV FILE NAME: D:\importjournals\CurrentJournals20150415.csv
[2015-05-13 16:50:06,945] INFO  com.gt.util.ConstructZipFile  - CSV FILE NAME: D:\importjournals\CVRTH_RV150429.csv
[2015-05-13 16:50:06,946] INFO  com.gt.util.ConstructZipFile  - CSV FILE NAME: D:\importjournals\CurrentJournals20150406.csv
[2015-05-13 16:50:06,946] INFO  com.gt.util.ConstructZipFile  - Start constructing zip file 
[2015-05-13 16:50:06,947] INFO  com.gt.util.ConstructZipFile  - CSV FILE NAME: D:\importjournals\CurrentJournals20150407.csv
[2015-05-13 16:50:06,947] INFO  com.gt.util.ConstructZipFile  - CSV FILE NAME: D:\importjournals\CAATH_RV150429.csv
[2015-05-13 16:50:06,952] INFO  com.gt.util.ConstructZipFile  - Completed constructing zip file 
[2015-05-13 16:50:06,954] INFO  com.gt.util.ConstructZipFile  - Completed constructing zip file 
[2015-05-13 16:50:06,958] INFO  com.gt.util.ConstructZipFile  - Completed constructing zip file 
[2015-05-13 16:50:06,958] INFO  com.gt.util.ConstructZipFile  - Completed constructing zip file 
[2015-05-13 16:50:06,960] INFO  com.gt.util.ConstructZipFile  - Completed constructing zip file 
[2015-05-13 16:50:06,961] INFO  com.gt.util.ConstructZipFile  - CSV FILE NAME: D:\importjournals\COMTH_RV150429.csv
[2015-05-13 16:50:06,964] INFO  com.gt.util.ConstructZipFile  - Completed constructing zip file 
[2015-05-13 16:50:46,232] INFO  com.gt.util.ConstructZipFile  - Start constructing zip file 
[2015-05-13 16:50:46,243] INFO  com.gt.util.ConstructZipFile  - CSV FILE NAME: D:\importjournals\CurrentJournals20150407.csv
[2015-05-13 16:50:46,247] INFO  com.gt.util.ConstructZipFile  - Completed constructing zip file 
[2015-05-13 16:50:46,247] INFO  com.gt.util.ConstructZipFile  - Start constructing zip file 
[2015-05-13 16:50:46,247] INFO  com.gt.util.ConstructZipFile  - Start constructing zip file 
[2015-05-13 16:50:46,248] INFO  com.gt.util.ConstructZipFile  - CSV FILE NAME: D:\importjournals\CurrentJournals20150406.csv
[2015-05-13 16:50:46,248] INFO  com.gt.util.ConstructZipFile  - CSV FILE NAME: D:\importjournals\COMTH_RV150429.csv
[2015-05-13 16:50:46,247] INFO  com.gt.util.ConstructZipFile  - Start constructing zip file 
[2015-05-13 16:50:46,250] INFO  com.gt.util.ConstructZipFile  - CSV FILE NAME: D:\importjournals\CAATH_RV150429.csv
[2015-05-13 16:50:46,252] INFO  com.gt.util.ConstructZipFile  - Start constructing zip file 
[2015-05-13 16:50:46,253] INFO  com.gt.util.ConstructZipFile  - CSV FILE NAME: D:\importjournals\CVRTH_RV150429.csv
[2015-05-13 16:50:46,253] INFO  com.gt.util.ConstructZipFile  - Start constructing zip file 
[2015-05-13 16:50:46,254] INFO  com.gt.util.ConstructZipFile  - Completed constructing zip file 
[2015-05-13 16:50:46,255] INFO  com.gt.util.ConstructZipFile  - CSV FILE NAME: D:\importjournals\CurrentJournals20150415.csv
[2015-05-13 16:50:46,258] INFO  com.gt.util.ConstructZipFile  - Completed constructing zip file 
[2015-05-13 16:50:46,265] INFO  com.gt.util.ConstructZipFile  - Completed constructing zip file 
[2015-05-13 16:50:46,266] INFO  com.gt.util.ConstructZipFile  - Completed constructing zip file 
[2015-05-13 16:50:46,267] INFO  com.gt.util.ConstructZipFile  - Completed constructing zip file 
[2015-05-13 16:52:59,730] INFO  com.gt.util.ConstructZipFile  - Start constructing zip file 
[2015-05-13 16:52:59,730] INFO  com.gt.util.ConstructZipFile  - Start constructing zip file 
[2015-05-13 16:52:59,730] INFO  com.gt.util.ConstructZipFile  - Start constructing zip file 
[2015-05-13 16:52:59,730] INFO  com.gt.util.ConstructZipFile  - Start constructing zip file 
[2015-05-13 16:52:59,731] INFO  com.gt.util.ConstructZipFile  - Start constructing zip file 
[2015-05-13 16:52:59,732] INFO  com.gt.util.ConstructZipFile  - Start constructing zip file 
[2015-05-13 16:52:59,737] INFO  com.gt.util.ConstructZipFile  - CSV FILE NAME: D:\importjournals\CVRTH_RV150429.csv
[2015-05-13 16:52:59,738] INFO  com.gt.util.ConstructZipFile  - CSV FILE NAME: D:\importjournals\CurrentJournals20150415.csv
[2015-05-13 16:52:59,738] INFO  com.gt.util.ConstructZipFile  - CSV FILE NAME: D:\importjournals\CAATH_RV150429.csv
[2015-05-13 16:52:59,737] INFO  com.gt.util.ConstructZipFile  - CSV FILE NAME: D:\importjournals\CurrentJournals20150406.csv
[2015-05-13 16:52:59,742] INFO  com.gt.util.ConstructZipFile  - Completed constructing zip file 
[2015-05-13 16:52:59,743] INFO  com.gt.util.ConstructZipFile  - CSV FILE NAME: D:\importjournals\CurrentJournals20150407.csv
[2015-05-13 16:52:59,744] INFO  com.gt.util.ConstructZipFile  - Completed constructing zip file 
[2015-05-13 16:52:59,746] INFO  com.gt.util.ConstructZipFile  - Completed constructing zip file 
[2015-05-13 16:52:59,746] INFO  com.gt.util.ConstructZipFile  - CSV FILE NAME: D:\importjournals\COMTH_RV150429.csv
[2015-05-13 16:52:59,748] INFO  com.gt.util.ConstructZipFile  - Completed constructing zip file 
[2015-05-13 16:52:59,746] INFO  com.gt.util.ConstructZipFile  - Completed constructing zip file 
[2015-05-13 16:52:59,751] INFO  com.gt.util.ConstructZipFile  - Completed constructing zip file 
[2015-05-14 10:54:37,391] INFO  com.gt.util.ConstructZipFile  - Start constructing zip file 
[2015-05-14 10:54:37,391] INFO  com.gt.util.ConstructZipFile  - Start constructing zip file 
[2015-05-14 10:54:37,391] INFO  com.gt.util.ConstructZipFile  - Start constructing zip file 
[2015-05-14 10:54:37,391] INFO  com.gt.util.ConstructZipFile  - Start constructing zip file 
[2015-05-14 10:54:37,391] INFO  com.gt.util.ConstructZipFile  - Start constructing zip file 
[2015-05-14 10:54:37,391] INFO  com.gt.util.ConstructZipFile  - Start constructing zip file 
[2015-05-14 10:54:37,422] INFO  com.gt.util.ConstructZipFile  - CSV FILE NAME: D:\importjournals\CurrentJournals20150415.csv
[2015-05-14 10:54:37,422] INFO  com.gt.util.ConstructZipFile  - CSV FILE NAME: D:\importjournals\CAATH_RV150429.csv
[2015-05-14 10:54:37,422] INFO  com.gt.util.ConstructZipFile  - CSV FILE NAME: D:\importjournals\COMTH_RV150429.csv
[2015-05-14 10:54:37,422] INFO  com.gt.util.ConstructZipFile  - CSV FILE NAME: D:\importjournals\CVRTH_RV150429.csv
[2015-05-14 10:54:37,422] INFO  com.gt.util.ConstructZipFile  - CSV FILE NAME: D:\importjournals\CurrentJournals20150407.csv
[2015-05-14 10:54:37,422] INFO  com.gt.util.ConstructZipFile  - CSV FILE NAME: D:\importjournals\CurrentJournals20150406.csv
[2015-05-14 10:54:37,532] INFO  com.gt.util.ConstructZipFile  - Completed constructing zip file 
[2015-05-14 10:54:37,532] INFO  com.gt.util.ConstructZipFile  - Completed constructing zip file 
[2015-05-14 10:54:37,532] INFO  com.gt.util.ConstructZipFile  - Completed constructing zip file 
[2015-05-14 10:54:37,532] INFO  com.gt.util.ConstructZipFile  - Completed constructing zip file 
[2015-05-14 10:54:37,532] INFO  com.gt.util.ConstructZipFile  - Completed constructing zip file 
[2015-05-14 10:54:37,532] INFO  com.gt.util.ConstructZipFile  - Completed constructing zip file 
[2015-05-14 10:54:56,331] INFO  com.gt.util.ConstructZipFile  - Start constructing zip file 
[2015-05-14 10:54:56,331] INFO  com.gt.util.ConstructZipFile  - Start constructing zip file 
[2015-05-14 10:54:56,347] INFO  com.gt.util.ConstructZipFile  - CSV FILE NAME: D:\importjournals\CAATH_RV150429.csv
[2015-05-14 10:54:56,363] INFO  com.gt.util.ConstructZipFile  - CSV FILE NAME: D:\importjournals\COMTH_RV150429.csv
[2015-05-14 10:54:56,363] INFO  com.gt.util.ConstructZipFile  - Completed constructing zip file 
[2015-05-14 10:54:56,441] INFO  com.gt.util.ConstructZipFile  - Completed constructing zip file 
[2015-05-14 10:54:59,390] INFO  com.gt.util.ConstructZipFile  - Start constructing zip file 
[2015-05-14 10:54:59,390] INFO  com.gt.util.ConstructZipFile  - CSV FILE NAME: D:\importjournals\CurrentJournals20150406.csv
[2015-05-14 10:54:59,405] INFO  com.gt.util.ConstructZipFile  - Completed constructing zip file 
[2015-05-14 10:54:59,484] INFO  com.gt.util.ConstructZipFile  - Start constructing zip file 
[2015-05-14 10:54:59,484] INFO  com.gt.util.ConstructZipFile  - CSV FILE NAME: D:\importjournals\CurrentJournals20150407.csv
[2015-05-14 10:54:59,562] INFO  com.gt.util.ConstructZipFile  - Completed constructing zip file 
[2015-05-14 10:55:02,433] INFO  com.gt.util.ConstructZipFile  - Start constructing zip file 
[2015-05-14 10:55:02,433] INFO  com.gt.util.ConstructZipFile  - CSV FILE NAME: D:\importjournals\CurrentJournals20150415.csv
[2015-05-14 10:55:02,448] INFO  com.gt.util.ConstructZipFile  - Completed constructing zip file 
[2015-05-14 10:55:02,574] INFO  com.gt.util.ConstructZipFile  - Start constructing zip file 
[2015-05-14 10:55:02,574] INFO  com.gt.util.ConstructZipFile  - CSV FILE NAME: D:\importjournals\CVRTH_RV150429.csv
[2015-05-14 10:55:02,590] INFO  com.gt.util.ConstructZipFile  - Completed constructing zip file 
[2015-05-14 11:08:01,761] INFO  com.gt.util.ConstructZipFile  - Start constructing zip file 
[2015-05-14 11:08:01,761] INFO  com.gt.util.ConstructZipFile  - Start constructing zip file 
[2015-05-14 11:08:01,761] INFO  com.gt.util.ConstructZipFile  - Start constructing zip file 
[2015-05-14 11:08:01,761] INFO  com.gt.util.ConstructZipFile  - Start constructing zip file 
[2015-05-14 11:08:01,761] INFO  com.gt.util.ConstructZipFile  - Start constructing zip file 
[2015-05-14 11:08:01,776] INFO  com.gt.util.ConstructZipFile  - CSV FILE NAME: D:\importjournals\CurrentJournals20150406.csv
[2015-05-14 11:08:01,792] INFO  com.gt.util.ConstructZipFile  - CSV FILE NAME: D:\importjournals\CurrentJournals20150415.csv
[2015-05-14 11:08:01,761] INFO  com.gt.util.ConstructZipFile  - Start constructing zip file 
[2015-05-14 11:08:01,792] INFO  com.gt.util.ConstructZipFile  - CSV FILE NAME: D:\importjournals\CAATH_RV150429.csv
[2015-05-14 11:08:01,792] INFO  com.gt.util.ConstructZipFile  - CSV FILE NAME: D:\importjournals\CVRTH_RV150429.csv
[2015-05-14 11:08:01,792] INFO  com.gt.util.ConstructZipFile  - CSV FILE NAME: D:\importjournals\COMTH_RV150429.csv
[2015-05-14 11:08:01,792] INFO  com.gt.util.ConstructZipFile  - CSV FILE NAME: D:\importjournals\CurrentJournals20150407.csv
[2015-05-14 11:08:01,807] INFO  com.gt.util.ConstructZipFile  - Completed constructing zip file 
[2015-05-14 11:08:01,807] INFO  com.gt.util.ConstructZipFile  - Completed constructing zip file 
[2015-05-14 11:08:01,807] INFO  com.gt.util.ConstructZipFile  - Completed constructing zip file 
[2015-05-14 11:08:01,807] INFO  com.gt.util.ConstructZipFile  - Completed constructing zip file 
[2015-05-14 11:08:01,807] INFO  com.gt.util.ConstructZipFile  - Completed constructing zip file 
[2015-05-14 11:08:01,807] INFO  com.gt.util.ConstructZipFile  - Completed constructing zip file 
[2015-05-14 11:11:38,132] INFO  com.gt.util.ConstructZipFile  - Start constructing zip file 
[2015-05-14 11:11:38,132] INFO  com.gt.util.ConstructZipFile  - CSV FILE NAME: D:\importjournals\COMTH_RV150429.csv
[2015-05-14 11:11:38,132] INFO  com.gt.util.ConstructZipFile  - Start constructing zip file 
[2015-05-14 11:11:38,147] INFO  com.gt.util.ConstructZipFile  - CSV FILE NAME: D:\importjournals\CurrentJournals20150415.csv
[2015-05-14 11:11:38,132] INFO  com.gt.util.ConstructZipFile  - Start constructing zip file 
[2015-05-14 11:11:38,147] INFO  com.gt.util.ConstructZipFile  - CSV FILE NAME: D:\importjournals\CVRTH_RV150429.csv
[2015-05-14 11:11:38,147] INFO  com.gt.util.ConstructZipFile  - Completed constructing zip file 
[2015-05-14 11:11:38,132] INFO  com.gt.util.ConstructZipFile  - Start constructing zip file 
[2015-05-14 11:11:38,132] INFO  com.gt.util.ConstructZipFile  - Start constructing zip file 
[2015-05-14 11:11:38,147] INFO  com.gt.util.ConstructZipFile  - CSV FILE NAME: D:\importjournals\CurrentJournals20150407.csv
[2015-05-14 11:11:38,132] INFO  com.gt.util.ConstructZipFile  - Start constructing zip file 
[2015-05-14 11:11:38,147] INFO  com.gt.util.ConstructZipFile  - CSV FILE NAME: D:\importjournals\CAATH_RV150429.csv
[2015-05-14 11:11:38,147] INFO  com.gt.util.ConstructZipFile  - Completed constructing zip file 
[2015-05-14 11:11:38,147] INFO  com.gt.util.ConstructZipFile  - Completed constructing zip file 
[2015-05-14 11:11:38,147] INFO  com.gt.util.ConstructZipFile  - Completed constructing zip file 
[2015-05-14 11:11:38,147] INFO  com.gt.util.ConstructZipFile  - Completed constructing zip file 
[2015-05-14 11:11:38,147] INFO  com.gt.util.ConstructZipFile  - CSV FILE NAME: D:\importjournals\CurrentJournals20150406.csv
[2015-05-14 11:11:38,147] INFO  com.gt.util.ConstructZipFile  - Completed constructing zip file 
[2015-05-14 12:52:53,688] INFO  com.gt.util.ConstructZipFile  - Start constructing zip file 
[2015-05-14 12:52:53,704] INFO  com.gt.util.ConstructZipFile  - CSV FILE NAME: D:\importjournals\CVRTH_RV150429.csv
[2015-05-14 12:52:53,704] INFO  com.gt.util.ConstructZipFile  - Completed constructing zip file 
[2015-05-14 12:52:53,688] INFO  com.gt.util.ConstructZipFile  - Start constructing zip file 
[2015-05-14 12:52:53,704] INFO  com.gt.util.ConstructZipFile  - CSV FILE NAME: D:\importjournals\CAATH_RV150429.csv
[2015-05-14 12:52:53,688] INFO  com.gt.util.ConstructZipFile  - Start constructing zip file 
[2015-05-14 12:52:53,720] INFO  com.gt.util.ConstructZipFile  - CSV FILE NAME: D:\importjournals\CurrentJournals20150407.csv
[2015-05-14 12:52:53,721] INFO  com.gt.util.ConstructZipFile  - Completed constructing zip file 
[2015-05-14 12:52:53,688] INFO  com.gt.util.ConstructZipFile  - Start constructing zip file 
[2015-05-14 12:52:53,721] INFO  com.gt.util.ConstructZipFile  - CSV FILE NAME: D:\importjournals\CurrentJournals20150406.csv
[2015-05-14 12:52:53,721] INFO  com.gt.util.ConstructZipFile  - Completed constructing zip file 
[2015-05-14 12:52:53,688] INFO  com.gt.util.ConstructZipFile  - Start constructing zip file 
[2015-05-14 12:52:53,721] INFO  com.gt.util.ConstructZipFile  - Completed constructing zip file 
[2015-05-14 12:52:53,721] INFO  com.gt.util.ConstructZipFile  - CSV FILE NAME: D:\importjournals\COMTH_RV150429.csv
[2015-05-14 12:52:53,688] INFO  com.gt.util.ConstructZipFile  - Start constructing zip file 
[2015-05-14 12:52:53,721] INFO  com.gt.util.ConstructZipFile  - CSV FILE NAME: D:\importjournals\CurrentJournals20150415.csv
[2015-05-14 12:52:53,721] INFO  com.gt.util.ConstructZipFile  - Completed constructing zip file 
[2015-05-14 12:52:53,721] INFO  com.gt.util.ConstructZipFile  - Completed constructing zip file 
[2015-05-14 12:53:16,695] INFO  com.gt.util.ConstructZipFile  - Start constructing zip file 
[2015-05-14 12:53:16,695] INFO  com.gt.util.ConstructZipFile  - CSV FILE NAME: D:\importjournals\CVRTH_RV150429.csv
[2015-05-14 12:53:16,711] INFO  com.gt.util.ConstructZipFile  - Completed constructing zip file 
[2015-05-14 12:53:16,711] INFO  com.gt.util.ConstructZipFile  - Start constructing zip file 
[2015-05-14 12:53:16,711] INFO  com.gt.util.ConstructZipFile  - Start constructing zip file 
[2015-05-14 12:53:16,711] INFO  com.gt.util.ConstructZipFile  - CSV FILE NAME: D:\importjournals\CurrentJournals20150415.csv
[2015-05-14 12:53:16,711] INFO  com.gt.util.ConstructZipFile  - CSV FILE NAME: D:\importjournals\CurrentJournals20150407.csv
[2015-05-14 12:53:16,711] INFO  com.gt.util.ConstructZipFile  - Start constructing zip file 
[2015-05-14 12:53:16,711] INFO  com.gt.util.ConstructZipFile  - Start constructing zip file 
[2015-05-14 12:53:16,711] INFO  com.gt.util.ConstructZipFile  - CSV FILE NAME: D:\importjournals\COMTH_RV150429.csv
[2015-05-14 12:53:16,711] INFO  com.gt.util.ConstructZipFile  - CSV FILE NAME: D:\importjournals\CurrentJournals20150406.csv
[2015-05-14 12:53:16,711] INFO  com.gt.util.ConstructZipFile  - Start constructing zip file 
[2015-05-14 12:53:16,711] INFO  com.gt.util.ConstructZipFile  - CSV FILE NAME: D:\importjournals\CAATH_RV150429.csv
[2015-05-14 12:53:16,726] INFO  com.gt.util.ConstructZipFile  - Completed constructing zip file 
[2015-05-14 12:53:16,726] INFO  com.gt.util.ConstructZipFile  - Completed constructing zip file 
[2015-05-14 12:53:16,726] INFO  com.gt.util.ConstructZipFile  - Completed constructing zip file 
[2015-05-14 12:53:16,726] INFO  com.gt.util.ConstructZipFile  - Completed constructing zip file 
[2015-05-14 12:53:16,726] INFO  com.gt.util.ConstructZipFile  - Completed constructing zip file 
[2015-05-14 12:54:09,520] INFO  com.gt.util.ConstructZipFile  - Start constructing zip file 
[2015-05-14 12:54:09,520] INFO  com.gt.util.ConstructZipFile  - Start constructing zip file 
[2015-05-14 12:54:09,520] INFO  com.gt.util.ConstructZipFile  - Start constructing zip file 
[2015-05-14 12:54:09,520] INFO  com.gt.util.ConstructZipFile  - Start constructing zip file 
[2015-05-14 12:54:09,520] INFO  com.gt.util.ConstructZipFile  - Start constructing zip file 
[2015-05-14 12:54:09,520] INFO  com.gt.util.ConstructZipFile  - Start constructing zip file 
[2015-05-14 12:54:09,520] INFO  com.gt.util.ConstructZipFile  - CSV FILE NAME: D:\importjournals\CAATH_RV150429.csv
[2015-05-14 12:54:09,520] INFO  com.gt.util.ConstructZipFile  - CSV FILE NAME: D:\importjournals\COMTH_RV150429.csv
[2015-05-14 12:54:09,520] INFO  com.gt.util.ConstructZipFile  - CSV FILE NAME: D:\importjournals\CurrentJournals20150415.csv
[2015-05-14 12:54:09,536] INFO  com.gt.util.ConstructZipFile  - CSV FILE NAME: D:\importjournals\CurrentJournals20150406.csv
[2015-05-14 12:54:09,536] INFO  com.gt.util.ConstructZipFile  - CSV FILE NAME: D:\importjournals\CurrentJournals20150407.csv
[2015-05-14 12:54:09,520] INFO  com.gt.util.ConstructZipFile  - CSV FILE NAME: D:\importjournals\CVRTH_RV150429.csv
[2015-05-14 12:54:09,536] INFO  com.gt.util.ConstructZipFile  - Completed constructing zip file 
[2015-05-14 12:54:09,551] INFO  com.gt.util.ConstructZipFile  - Completed constructing zip file 
[2015-05-14 12:54:09,551] INFO  com.gt.util.ConstructZipFile  - Completed constructing zip file 
[2015-05-14 12:54:09,551] INFO  com.gt.util.ConstructZipFile  - Completed constructing zip file 
[2015-05-14 12:54:09,551] INFO  com.gt.util.ConstructZipFile  - Completed constructing zip file 
[2015-05-14 12:54:09,551] INFO  com.gt.util.ConstructZipFile  - Completed constructing zip file 
[2015-05-14 12:55:59,049] INFO  com.gt.util.ConstructZipFile  - Start constructing zip file 
[2015-05-14 12:55:59,049] INFO  com.gt.util.ConstructZipFile  - Start constructing zip file 
[2015-05-14 12:55:59,049] INFO  com.gt.util.ConstructZipFile  - Start constructing zip file 
[2015-05-14 12:55:59,049] INFO  com.gt.util.ConstructZipFile  - Start constructing zip file 
[2015-05-14 12:55:59,049] INFO  com.gt.util.ConstructZipFile  - Start constructing zip file 
[2015-05-14 12:55:59,049] INFO  com.gt.util.ConstructZipFile  - CSV FILE NAME: D:\importjournals\CurrentJournals20150407.csv
[2015-05-14 12:55:59,049] INFO  com.gt.util.ConstructZipFile  - CSV FILE NAME: D:\importjournals\CurrentJournals20150415.csv
[2015-05-14 12:55:59,049] INFO  com.gt.util.ConstructZipFile  - CSV FILE NAME: D:\importjournals\CurrentJournals20150406.csv
[2015-05-14 12:55:59,049] INFO  com.gt.util.ConstructZipFile  - Start constructing zip file 
[2015-05-14 12:55:59,049] INFO  com.gt.util.ConstructZipFile  - CSV FILE NAME: D:\importjournals\CAATH_RV150429.csv
[2015-05-14 12:55:59,064] INFO  com.gt.util.ConstructZipFile  - CSV FILE NAME: D:\importjournals\CVRTH_RV150429.csv
[2015-05-14 12:55:59,064] INFO  com.gt.util.ConstructZipFile  - Completed constructing zip file 
[2015-05-14 12:55:59,064] INFO  com.gt.util.ConstructZipFile  - CSV FILE NAME: D:\importjournals\COMTH_RV150429.csv
[2015-05-14 12:55:59,064] INFO  com.gt.util.ConstructZipFile  - Completed constructing zip file 
[2015-05-14 12:55:59,080] INFO  com.gt.util.ConstructZipFile  - Completed constructing zip file 
[2015-05-14 12:55:59,080] INFO  com.gt.util.ConstructZipFile  - Completed constructing zip file 
[2015-05-14 12:55:59,080] INFO  com.gt.util.ConstructZipFile  - Completed constructing zip file 
[2015-05-14 12:55:59,080] INFO  com.gt.util.ConstructZipFile  - Completed constructing zip file 
[2015-05-14 12:58:32,503] INFO  com.gt.util.ConstructZipFile  - Start constructing zip file 
[2015-05-14 12:58:32,503] INFO  com.gt.util.ConstructZipFile  - Start constructing zip file 
[2015-05-14 12:58:32,503] INFO  com.gt.util.ConstructZipFile  - Start constructing zip file 
[2015-05-14 12:58:32,503] INFO  com.gt.util.ConstructZipFile  - Start constructing zip file 
[2015-05-14 12:58:32,503] INFO  com.gt.util.ConstructZipFile  - Start constructing zip file 
[2015-05-14 12:58:32,503] INFO  com.gt.util.ConstructZipFile  - Start constructing zip file 
[2015-05-14 12:58:32,518] INFO  com.gt.util.ConstructZipFile  - CSV FILE NAME: D:\importjournals\COMTH_RV150429.csv
[2015-05-14 12:58:32,518] INFO  com.gt.util.ConstructZipFile  - CSV FILE NAME: D:\importjournals\CVRTH_RV150429.csv
[2015-05-14 12:58:32,518] INFO  com.gt.util.ConstructZipFile  - CSV FILE NAME: D:\importjournals\CurrentJournals20150415.csv
[2015-05-14 12:58:32,518] INFO  com.gt.util.ConstructZipFile  - CSV FILE NAME: D:\importjournals\CurrentJournals20150406.csv
[2015-05-14 12:58:32,518] INFO  com.gt.util.ConstructZipFile  - CSV FILE NAME: D:\importjournals\CAATH_RV150429.csv
[2015-05-14 12:58:32,518] INFO  com.gt.util.ConstructZipFile  - Completed constructing zip file 
[2015-05-14 12:58:32,518] INFO  com.gt.util.ConstructZipFile  - Completed constructing zip file 
[2015-05-14 12:58:32,535] INFO  com.gt.util.ConstructZipFile  - Completed constructing zip file 
[2015-05-14 12:58:32,535] INFO  com.gt.util.ConstructZipFile  - Completed constructing zip file 
[2015-05-14 12:58:32,535] INFO  com.gt.util.ConstructZipFile  - Completed constructing zip file 
[2015-05-14 12:58:32,535] INFO  com.gt.util.ConstructZipFile  - CSV FILE NAME: D:\importjournals\CurrentJournals20150407.csv
[2015-05-14 12:58:32,535] INFO  com.gt.util.ConstructZipFile  - Completed constructing zip file 
[2015-05-14 12:59:30,519] INFO  com.gt.util.ConstructZipFile  - Start constructing zip file 
[2015-05-14 12:59:30,535] INFO  com.gt.util.ConstructZipFile  - CSV FILE NAME: D:\importjournals\COMTH_RV150429.csv
[2015-05-14 12:59:30,535] INFO  com.gt.util.ConstructZipFile  - Completed constructing zip file 
[2015-05-14 12:59:30,535] INFO  com.gt.util.ConstructZipFile  - Start constructing zip file 
[2015-05-14 12:59:30,535] INFO  com.gt.util.ConstructZipFile  - CSV FILE NAME: D:\importjournals\CurrentJournals20150407.csv
[2015-05-14 12:59:30,535] INFO  com.gt.util.ConstructZipFile  - Completed constructing zip file 
[2015-05-14 12:59:30,535] INFO  com.gt.util.ConstructZipFile  - Start constructing zip file 
[2015-05-14 12:59:30,535] INFO  com.gt.util.ConstructZipFile  - Start constructing zip file 
[2015-05-14 12:59:30,535] INFO  com.gt.util.ConstructZipFile  - CSV FILE NAME: D:\importjournals\CurrentJournals20150415.csv
[2015-05-14 12:59:30,535] INFO  com.gt.util.ConstructZipFile  - Start constructing zip file 
[2015-05-14 12:59:30,535] INFO  com.gt.util.ConstructZipFile  - CSV FILE NAME: D:\importjournals\CurrentJournals20150406.csv
[2015-05-14 12:59:30,535] INFO  com.gt.util.ConstructZipFile  - Completed constructing zip file 
[2015-05-14 12:59:30,535] INFO  com.gt.util.ConstructZipFile  - Start constructing zip file 
[2015-05-14 12:59:30,535] INFO  com.gt.util.ConstructZipFile  - CSV FILE NAME: D:\importjournals\CAATH_RV150429.csv
[2015-05-14 12:59:30,535] INFO  com.gt.util.ConstructZipFile  - CSV FILE NAME: D:\importjournals\CVRTH_RV150429.csv
[2015-05-14 12:59:30,551] INFO  com.gt.util.ConstructZipFile  - Completed constructing zip file 
[2015-05-14 12:59:30,551] INFO  com.gt.util.ConstructZipFile  - Completed constructing zip file 
[2015-05-14 12:59:30,551] INFO  com.gt.util.ConstructZipFile  - Completed constructing zip file 
[2015-05-14 12:59:47,010] INFO  com.gt.util.ConstructZipFile  - Start constructing zip file 
[2015-05-14 12:59:47,010] INFO  com.gt.util.ConstructZipFile  - Start constructing zip file 
[2015-05-14 12:59:47,010] INFO  com.gt.util.ConstructZipFile  - Start constructing zip file 
[2015-05-14 12:59:47,010] INFO  com.gt.util.ConstructZipFile  - Start constructing zip file 
[2015-05-14 12:59:47,010] INFO  com.gt.util.ConstructZipFile  - Start constructing zip file 
[2015-05-14 12:59:47,010] INFO  com.gt.util.ConstructZipFile  - Start constructing zip file 
[2015-05-14 12:59:47,010] INFO  com.gt.util.ConstructZipFile  - CSV FILE NAME: D:\importjournals\CAATH_RV150429.csv
[2015-05-14 12:59:47,025] INFO  com.gt.util.ConstructZipFile  - CSV FILE NAME: D:\importjournals\CurrentJournals20150407.csv
[2015-05-14 12:59:47,025] INFO  com.gt.util.ConstructZipFile  - Completed constructing zip file 
[2015-05-14 12:59:47,025] INFO  com.gt.util.ConstructZipFile  - CSV FILE NAME: D:\importjournals\CVRTH_RV150429.csv
[2015-05-14 12:59:47,025] INFO  com.gt.util.ConstructZipFile  - CSV FILE NAME: D:\importjournals\CurrentJournals20150406.csv
[2015-05-14 12:59:47,025] INFO  com.gt.util.ConstructZipFile  - Completed constructing zip file 
[2015-05-14 12:59:47,025] INFO  com.gt.util.ConstructZipFile  - CSV FILE NAME: D:\importjournals\CurrentJournals20150415.csv
[2015-05-14 12:59:47,025] INFO  com.gt.util.ConstructZipFile  - Completed constructing zip file 
[2015-05-14 12:59:47,025] INFO  com.gt.util.ConstructZipFile  - Completed constructing zip file 
[2015-05-14 12:59:47,025] INFO  com.gt.util.ConstructZipFile  - Completed constructing zip file 
[2015-05-14 12:59:47,041] INFO  com.gt.util.ConstructZipFile  - CSV FILE NAME: D:\importjournals\COMTH_RV150429.csv
[2015-05-14 12:59:47,041] INFO  com.gt.util.ConstructZipFile  - Completed constructing zip file 
[2015-05-14 13:00:52,698] INFO  com.gt.util.ConstructZipFile  - Start constructing zip file 
[2015-05-14 13:00:52,698] INFO  com.gt.util.ConstructZipFile  - Start constructing zip file 
[2015-05-14 13:00:52,698] INFO  com.gt.util.ConstructZipFile  - CSV FILE NAME: D:\importjournals\CAATH_RV150429.csv
[2015-05-14 13:00:52,698] INFO  com.gt.util.ConstructZipFile  - Start constructing zip file 
[2015-05-14 13:00:52,698] INFO  com.gt.util.ConstructZipFile  - Start constructing zip file 
[2015-05-14 13:00:52,714] INFO  com.gt.util.ConstructZipFile  - CSV FILE NAME: D:\importjournals\CVRTH_RV150429.csv
[2015-05-14 13:00:52,714] INFO  com.gt.util.ConstructZipFile  - Start constructing zip file 
[2015-05-14 13:00:52,698] INFO  com.gt.util.ConstructZipFile  - CSV FILE NAME: D:\importjournals\CurrentJournals20150415.csv
[2015-05-14 13:00:52,714] INFO  com.gt.util.ConstructZipFile  - CSV FILE NAME: D:\importjournals\CurrentJournals20150407.csv
[2015-05-14 13:00:52,714] INFO  com.gt.util.ConstructZipFile  - Completed constructing zip file 
[2015-05-14 13:00:52,714] INFO  com.gt.util.ConstructZipFile  - Start constructing zip file 
[2015-05-14 13:00:52,714] INFO  com.gt.util.ConstructZipFile  - CSV FILE NAME: D:\importjournals\CurrentJournals20150406.csv
[2015-05-14 13:00:52,714] INFO  com.gt.util.ConstructZipFile  - Completed constructing zip file 
[2015-05-14 13:00:52,714] INFO  com.gt.util.ConstructZipFile  - Completed constructing zip file 
[2015-05-14 13:00:52,714] INFO  com.gt.util.ConstructZipFile  - CSV FILE NAME: D:\importjournals\COMTH_RV150429.csv
[2015-05-14 13:00:52,714] INFO  com.gt.util.ConstructZipFile  - Completed constructing zip file 
[2015-05-14 13:00:52,714] INFO  com.gt.util.ConstructZipFile  - Completed constructing zip file 
[2015-05-14 13:00:52,714] INFO  com.gt.util.ConstructZipFile  - Completed constructing zip file 
[2015-05-14 13:02:44,842] INFO  com.gt.util.ConstructZipFile  - Start constructing zip file 
[2015-05-14 13:02:44,858] INFO  com.gt.util.ConstructZipFile  - CSV FILE NAME: D:\importjournals\CAATH_RV150429.csv
[2015-05-14 13:02:44,858] INFO  com.gt.util.ConstructZipFile  - Completed constructing zip file 
[2015-05-14 13:02:44,858] INFO  com.gt.util.ConstructZipFile  - Start constructing zip file 
[2015-05-14 13:02:44,858] INFO  com.gt.util.ConstructZipFile  - CSV FILE NAME: D:\importjournals\CurrentJournals20150415.csv
[2015-05-14 13:02:44,858] INFO  com.gt.util.ConstructZipFile  - Completed constructing zip file 
[2015-05-14 13:02:44,858] INFO  com.gt.util.ConstructZipFile  - Start constructing zip file 
[2015-05-14 13:02:44,858] INFO  com.gt.util.ConstructZipFile  - Start constructing zip file 
[2015-05-14 13:02:44,858] INFO  com.gt.util.ConstructZipFile  - CSV FILE NAME: D:\importjournals\CurrentJournals20150406.csv
[2015-05-14 13:02:44,858] INFO  com.gt.util.ConstructZipFile  - Start constructing zip file 
[2015-05-14 13:02:44,858] INFO  com.gt.util.ConstructZipFile  - CSV FILE NAME: D:\importjournals\COMTH_RV150429.csv
[2015-05-14 13:02:44,858] INFO  com.gt.util.ConstructZipFile  - Start constructing zip file 
[2015-05-14 13:02:44,873] INFO  com.gt.util.ConstructZipFile  - Completed constructing zip file 
[2015-05-14 13:02:44,873] INFO  com.gt.util.ConstructZipFile  - CSV FILE NAME: D:\importjournals\CurrentJournals20150407.csv
[2015-05-14 13:02:44,873] INFO  com.gt.util.ConstructZipFile  - Completed constructing zip file 
[2015-05-14 13:02:44,858] INFO  com.gt.util.ConstructZipFile  - CSV FILE NAME: D:\importjournals\CVRTH_RV150429.csv
[2015-05-14 13:02:44,873] INFO  com.gt.util.ConstructZipFile  - Completed constructing zip file 
[2015-05-14 13:02:44,873] INFO  com.gt.util.ConstructZipFile  - Completed constructing zip file 
[2015-05-14 13:03:36,083] INFO  com.gt.util.ConstructZipFile  - Start constructing zip file 
[2015-05-14 13:03:36,098] INFO  com.gt.util.ConstructZipFile  - CSV FILE NAME: D:\importjournals\CVRTH_RV150429.csv
[2015-05-14 13:03:36,098] INFO  com.gt.util.ConstructZipFile  - Completed constructing zip file 
[2015-05-14 13:03:36,098] INFO  com.gt.util.ConstructZipFile  - Start constructing zip file 
[2015-05-14 13:03:36,098] INFO  com.gt.util.ConstructZipFile  - CSV FILE NAME: D:\importjournals\CurrentJournals20150407.csv
[2015-05-14 13:03:36,098] INFO  com.gt.util.ConstructZipFile  - Completed constructing zip file 
[2015-05-14 13:03:36,098] INFO  com.gt.util.ConstructZipFile  - Start constructing zip file 
[2015-05-14 13:03:36,098] INFO  com.gt.util.ConstructZipFile  - Start constructing zip file 
[2015-05-14 13:03:36,098] INFO  com.gt.util.ConstructZipFile  - CSV FILE NAME: D:\importjournals\COMTH_RV150429.csv
[2015-05-14 13:03:36,098] INFO  com.gt.util.ConstructZipFile  - Start constructing zip file 
[2015-05-14 13:03:36,098] INFO  com.gt.util.ConstructZipFile  - CSV FILE NAME: D:\importjournals\CurrentJournals20150406.csv
[2015-05-14 13:03:36,098] INFO  com.gt.util.ConstructZipFile  - CSV FILE NAME: D:\importjournals\CurrentJournals20150415.csv
[2015-05-14 13:03:36,098] INFO  com.gt.util.ConstructZipFile  - Completed constructing zip file 
[2015-05-14 13:03:36,098] INFO  com.gt.util.ConstructZipFile  - Start constructing zip file 
[2015-05-14 13:03:36,098] INFO  com.gt.util.ConstructZipFile  - CSV FILE NAME: D:\importjournals\CAATH_RV150429.csv
[2015-05-14 13:03:36,114] INFO  com.gt.util.ConstructZipFile  - Completed constructing zip file 
[2015-05-14 13:03:36,114] INFO  com.gt.util.ConstructZipFile  - Completed constructing zip file 
[2015-05-14 13:03:36,114] INFO  com.gt.util.ConstructZipFile  - Completed constructing zip file 
[2015-05-14 13:04:11,516] INFO  com.gt.util.ConstructZipFile  - Start constructing zip file 
[2015-05-14 13:04:11,516] INFO  com.gt.util.ConstructZipFile  - Start constructing zip file 
[2015-05-14 13:04:11,516] INFO  com.gt.util.ConstructZipFile  - Start constructing zip file 
[2015-05-14 13:04:11,516] INFO  com.gt.util.ConstructZipFile  - Start constructing zip file 
[2015-05-14 13:04:11,516] INFO  com.gt.util.ConstructZipFile  - Start constructing zip file 
[2015-05-14 13:04:11,516] INFO  com.gt.util.ConstructZipFile  - Start constructing zip file 
[2015-05-14 13:04:11,516] INFO  com.gt.util.ConstructZipFile  - CSV FILE NAME: D:\importjournals\CurrentJournals20150415.csv
[2015-05-14 13:04:11,516] INFO  com.gt.util.ConstructZipFile  - CSV FILE NAME: D:\importjournals\COMTH_RV150429.csv
[2015-05-14 13:04:11,532] INFO  com.gt.util.ConstructZipFile  - Completed constructing zip file 
[2015-05-14 13:04:11,532] INFO  com.gt.util.ConstructZipFile  - CSV FILE NAME: D:\importjournals\CurrentJournals20150406.csv
[2015-05-14 13:04:11,532] INFO  com.gt.util.ConstructZipFile  - CSV FILE NAME: D:\importjournals\CVRTH_RV150429.csv
[2015-05-14 13:04:11,532] INFO  com.gt.util.ConstructZipFile  - Completed constructing zip file 
[2015-05-14 13:04:11,532] INFO  com.gt.util.ConstructZipFile  - CSV FILE NAME: D:\importjournals\CurrentJournals20150407.csv
[2015-05-14 13:04:11,532] INFO  com.gt.util.ConstructZipFile  - Completed constructing zip file 
[2015-05-14 13:04:11,532] INFO  com.gt.util.ConstructZipFile  - Completed constructing zip file 
[2015-05-14 13:04:11,532] INFO  com.gt.util.ConstructZipFile  - Completed constructing zip file 
[2015-05-14 13:04:11,548] INFO  com.gt.util.ConstructZipFile  - CSV FILE NAME: D:\importjournals\CAATH_RV150429.csv
[2015-05-14 13:04:11,548] INFO  com.gt.util.ConstructZipFile  - Completed constructing zip file 
[2015-05-14 13:05:12,712] INFO  com.gt.util.ConstructZipFile  - Start constructing zip file 
[2015-05-14 13:05:12,727] INFO  com.gt.util.ConstructZipFile  - CSV FILE NAME: D:\importjournals\CurrentJournals20150406.csv
[2015-05-14 13:05:12,727] INFO  com.gt.util.ConstructZipFile  - Completed constructing zip file 
[2015-05-14 13:05:12,727] INFO  com.gt.util.ConstructZipFile  - Start constructing zip file 
[2015-05-14 13:05:12,727] INFO  com.gt.util.ConstructZipFile  - Start constructing zip file 
[2015-05-14 13:05:12,727] INFO  com.gt.util.ConstructZipFile  - CSV FILE NAME: D:\importjournals\CurrentJournals20150415.csv
[2015-05-14 13:05:12,727] INFO  com.gt.util.ConstructZipFile  - CSV FILE NAME: D:\importjournals\COMTH_RV150429.csv
[2015-05-14 13:05:12,727] INFO  com.gt.util.ConstructZipFile  - Start constructing zip file 
[2015-05-14 13:05:12,727] INFO  com.gt.util.ConstructZipFile  - Start constructing zip file 
[2015-05-14 13:05:12,727] INFO  com.gt.util.ConstructZipFile  - CSV FILE NAME: D:\importjournals\CurrentJournals20150407.csv
[2015-05-14 13:05:12,727] INFO  com.gt.util.ConstructZipFile  - CSV FILE NAME: D:\importjournals\CAATH_RV150429.csv
[2015-05-14 13:05:12,727] INFO  com.gt.util.ConstructZipFile  - Start constructing zip file 
[2015-05-14 13:05:12,727] INFO  com.gt.util.ConstructZipFile  - CSV FILE NAME: D:\importjournals\CVRTH_RV150429.csv
[2015-05-14 13:05:12,727] INFO  com.gt.util.ConstructZipFile  - Completed constructing zip file 
[2015-05-14 13:05:12,727] INFO  com.gt.util.ConstructZipFile  - Completed constructing zip file 
[2015-05-14 13:05:12,727] INFO  com.gt.util.ConstructZipFile  - Completed constructing zip file 
[2015-05-14 13:05:12,727] INFO  com.gt.util.ConstructZipFile  - Completed constructing zip file 
[2015-05-14 13:05:12,743] INFO  com.gt.util.ConstructZipFile  - Completed constructing zip file 
[2015-05-14 13:06:25,015] INFO  com.gt.util.ConstructZipFile  - Start constructing zip file 
[2015-05-14 13:06:25,015] INFO  com.gt.util.ConstructZipFile  - Start constructing zip file 
[2015-05-14 13:06:25,015] INFO  com.gt.util.ConstructZipFile  - CSV FILE NAME: D:\importjournals\CAATH_RV150429.csv
[2015-05-14 13:06:25,015] INFO  com.gt.util.ConstructZipFile  - Start constructing zip file 
[2015-05-14 13:06:25,015] INFO  com.gt.util.ConstructZipFile  - Start constructing zip file 
[2015-05-14 13:06:25,015] INFO  com.gt.util.ConstructZipFile  - CSV FILE NAME: D:\importjournals\CVRTH_RV150429.csv
[2015-05-14 13:06:25,015] INFO  com.gt.util.ConstructZipFile  - Start constructing zip file 
[2015-05-14 13:06:25,031] INFO  com.gt.util.ConstructZipFile  - CSV FILE NAME: D:\importjournals\CurrentJournals20150406.csv
[2015-05-14 13:06:25,031] INFO  com.gt.util.ConstructZipFile  - CSV FILE NAME: D:\importjournals\COMTH_RV150429.csv
[2015-05-14 13:06:25,031] INFO  com.gt.util.ConstructZipFile  - Start constructing zip file 
[2015-05-14 13:06:25,015] INFO  com.gt.util.ConstructZipFile  - CSV FILE NAME: D:\importjournals\CurrentJournals20150415.csv
[2015-05-14 13:06:25,031] INFO  com.gt.util.ConstructZipFile  - Completed constructing zip file 
[2015-05-14 13:06:25,031] INFO  com.gt.util.ConstructZipFile  - CSV FILE NAME: D:\importjournals\CurrentJournals20150407.csv
[2015-05-14 13:06:25,031] INFO  com.gt.util.ConstructZipFile  - Completed constructing zip file 
[2015-05-14 13:06:25,031] INFO  com.gt.util.ConstructZipFile  - Completed constructing zip file 
[2015-05-14 13:06:25,031] INFO  com.gt.util.ConstructZipFile  - Completed constructing zip file 
[2015-05-14 13:06:25,031] INFO  com.gt.util.ConstructZipFile  - Completed constructing zip file 
[2015-05-14 13:06:25,031] INFO  com.gt.util.ConstructZipFile  - Completed constructing zip file 
[2015-05-14 13:07:02,038] INFO  com.gt.util.ConstructZipFile  - Start constructing zip file 
[2015-05-14 13:07:02,038] INFO  com.gt.util.ConstructZipFile  - Start constructing zip file 
[2015-05-14 13:07:02,038] INFO  com.gt.util.ConstructZipFile  - Start constructing zip file 
[2015-05-14 13:07:02,038] INFO  com.gt.util.ConstructZipFile  - Start constructing zip file 
[2015-05-14 13:07:02,038] INFO  com.gt.util.ConstructZipFile  - Start constructing zip file 
[2015-05-14 13:07:02,038] INFO  com.gt.util.ConstructZipFile  - Start constructing zip file 
[2015-05-14 13:07:02,053] INFO  com.gt.util.ConstructZipFile  - CSV FILE NAME: D:\importjournals\CAATH_RV150429.csv
[2015-05-14 13:07:02,053] INFO  com.gt.util.ConstructZipFile  - CSV FILE NAME: D:\importjournals\CurrentJournals20150415.csv
[2015-05-14 13:07:02,053] INFO  com.gt.util.ConstructZipFile  - Completed constructing zip file 
[2015-05-14 13:07:02,053] INFO  com.gt.util.ConstructZipFile  - CSV FILE NAME: D:\importjournals\CurrentJournals20150406.csv
[2015-05-14 13:07:02,053] INFO  com.gt.util.ConstructZipFile  - Completed constructing zip file 
[2015-05-14 13:07:02,053] INFO  com.gt.util.ConstructZipFile  - CSV FILE NAME: D:\importjournals\CurrentJournals20150407.csv
[2015-05-14 13:07:02,053] INFO  com.gt.util.ConstructZipFile  - Completed constructing zip file 
[2015-05-14 13:07:02,053] INFO  com.gt.util.ConstructZipFile  - CSV FILE NAME: D:\importjournals\COMTH_RV150429.csv
[2015-05-14 13:07:02,053] INFO  com.gt.util.ConstructZipFile  - CSV FILE NAME: D:\importjournals\CVRTH_RV150429.csv
[2015-05-14 13:07:02,053] INFO  com.gt.util.ConstructZipFile  - Completed constructing zip file 
[2015-05-14 13:07:02,053] INFO  com.gt.util.ConstructZipFile  - Completed constructing zip file 
[2015-05-14 13:07:02,053] INFO  com.gt.util.ConstructZipFile  - Completed constructing zip file 
[2015-05-14 13:08:41,412] INFO  com.gt.util.ConstructZipFile  - Start constructing zip file 
[2015-05-14 13:08:41,412] INFO  com.gt.util.ConstructZipFile  - Start constructing zip file 
[2015-05-14 13:08:41,412] INFO  com.gt.util.ConstructZipFile  - Start constructing zip file 
[2015-05-14 13:08:41,412] INFO  com.gt.util.ConstructZipFile  - Start constructing zip file 
[2015-05-14 13:08:41,412] INFO  com.gt.util.ConstructZipFile  - Start constructing zip file 
[2015-05-14 13:08:41,412] INFO  com.gt.util.ConstructZipFile  - Start constructing zip file 
[2015-05-14 13:08:41,412] INFO  com.gt.util.ConstructZipFile  - CSV FILE NAME: D:\importjournals\CurrentJournals20150406.csv
[2015-05-14 13:08:41,412] INFO  com.gt.util.ConstructZipFile  - CSV FILE NAME: D:\importjournals\CurrentJournals20150407.csv
[2015-05-14 13:08:41,433] INFO  com.gt.util.ConstructZipFile  - CSV FILE NAME: D:\importjournals\CVRTH_RV150429.csv
[2015-05-14 13:08:41,433] INFO  com.gt.util.ConstructZipFile  - CSV FILE NAME: D:\importjournals\CAATH_RV150429.csv
[2015-05-14 13:08:41,433] INFO  com.gt.util.ConstructZipFile  - CSV FILE NAME: D:\importjournals\CurrentJournals20150415.csv
[2015-05-14 13:08:41,434] INFO  com.gt.util.ConstructZipFile  - CSV FILE NAME: D:\importjournals\COMTH_RV150429.csv
[2015-05-14 13:08:41,440] INFO  com.gt.util.ConstructZipFile  - Completed constructing zip file 
[2015-05-14 13:08:41,440] INFO  com.gt.util.ConstructZipFile  - Completed constructing zip file 
[2015-05-14 13:08:41,442] INFO  com.gt.util.ConstructZipFile  - Completed constructing zip file 
[2015-05-14 13:08:41,442] INFO  com.gt.util.ConstructZipFile  - Completed constructing zip file 
[2015-05-14 13:08:41,442] INFO  com.gt.util.ConstructZipFile  - Completed constructing zip file 
[2015-05-14 13:08:41,442] INFO  com.gt.util.ConstructZipFile  - Completed constructing zip file 
[2015-05-14 14:02:35,187] INFO  com.gt.util.ConstructZipFile  - Start constructing zip file 
[2015-05-14 14:02:35,187] INFO  com.gt.util.ConstructZipFile  - CSV FILE NAME: D:\importjournals\CVRTH_RV150429.csv
[2015-05-14 14:02:35,203] INFO  com.gt.util.ConstructZipFile  - Completed constructing zip file 
[2015-05-14 14:02:35,203] INFO  com.gt.util.ConstructZipFile  - Start constructing zip file 
[2015-05-14 14:02:35,203] INFO  com.gt.util.ConstructZipFile  - Start constructing zip file 
[2015-05-14 14:02:35,203] INFO  com.gt.util.ConstructZipFile  - CSV FILE NAME: D:\importjournals\CurrentJournals20150407.csv
[2015-05-14 14:02:35,203] INFO  com.gt.util.ConstructZipFile  - Start constructing zip file 
[2015-05-14 14:02:35,203] INFO  com.gt.util.ConstructZipFile  - CSV FILE NAME: D:\importjournals\CurrentJournals20150406.csv
[2015-05-14 14:02:35,203] INFO  com.gt.util.ConstructZipFile  - Completed constructing zip file 
[2015-05-14 14:02:35,203] INFO  com.gt.util.ConstructZipFile  - Start constructing zip file 
[2015-05-14 14:02:35,203] INFO  com.gt.util.ConstructZipFile  - Start constructing zip file 
[2015-05-14 14:02:35,203] INFO  com.gt.util.ConstructZipFile  - Completed constructing zip file 
[2015-05-14 14:02:35,203] INFO  com.gt.util.ConstructZipFile  - CSV FILE NAME: D:\importjournals\CurrentJournals20150415.csv
[2015-05-14 14:02:35,203] INFO  com.gt.util.ConstructZipFile  - Completed constructing zip file 
[2015-05-14 14:02:35,203] INFO  com.gt.util.ConstructZipFile  - CSV FILE NAME: D:\importjournals\CAATH_RV150429.csv
[2015-05-14 14:02:35,203] INFO  com.gt.util.ConstructZipFile  - CSV FILE NAME: D:\importjournals\COMTH_RV150429.csv
[2015-05-14 14:02:35,203] INFO  com.gt.util.ConstructZipFile  - Completed constructing zip file 
[2015-05-14 14:02:35,203] INFO  com.gt.util.ConstructZipFile  - Completed constructing zip file 
[2015-05-14 14:04:21,384] INFO  com.gt.util.ConstructZipFile  - Start constructing zip file 
[2015-05-14 14:04:21,384] INFO  com.gt.util.ConstructZipFile  - CSV FILE NAME: D:\importjournals\COMTH_RV150429.csv
[2015-05-14 14:04:21,400] INFO  com.gt.util.ConstructZipFile  - Completed constructing zip file 
[2015-05-14 14:04:21,400] INFO  com.gt.util.ConstructZipFile  - Start constructing zip file 
[2015-05-14 14:04:21,400] INFO  com.gt.util.ConstructZipFile  - Start constructing zip file 
[2015-05-14 14:04:21,400] INFO  com.gt.util.ConstructZipFile  - CSV FILE NAME: D:\importjournals\CurrentJournals20150407.csv
[2015-05-14 14:04:21,400] INFO  com.gt.util.ConstructZipFile  - Start constructing zip file 
[2015-05-14 14:04:21,400] INFO  com.gt.util.ConstructZipFile  - CSV FILE NAME: D:\importjournals\CurrentJournals20150406.csv
[2015-05-14 14:04:21,400] INFO  com.gt.util.ConstructZipFile  - Completed constructing zip file 
[2015-05-14 14:04:21,400] INFO  com.gt.util.ConstructZipFile  - Start constructing zip file 
[2015-05-14 14:04:21,400] INFO  com.gt.util.ConstructZipFile  - CSV FILE NAME: D:\importjournals\CurrentJournals20150415.csv
[2015-05-14 14:04:21,400] INFO  com.gt.util.ConstructZipFile  - Completed constructing zip file 
[2015-05-14 14:04:21,400] INFO  com.gt.util.ConstructZipFile  - Start constructing zip file 
[2015-05-14 14:04:21,400] INFO  com.gt.util.ConstructZipFile  - CSV FILE NAME: D:\importjournals\CVRTH_RV150429.csv
[2015-05-14 14:04:21,400] INFO  com.gt.util.ConstructZipFile  - Completed constructing zip file 
[2015-05-14 14:04:21,400] INFO  com.gt.util.ConstructZipFile  - CSV FILE NAME: D:\importjournals\CAATH_RV150429.csv
[2015-05-14 14:04:21,400] INFO  com.gt.util.ConstructZipFile  - Completed constructing zip file 
[2015-05-14 14:04:21,400] INFO  com.gt.util.ConstructZipFile  - Completed constructing zip file 
[2015-05-14 14:05:07,820] INFO  com.gt.util.ConstructZipFile  - Start constructing zip file 
[2015-05-14 14:05:07,820] INFO  com.gt.util.ConstructZipFile  - CSV FILE NAME: D:\importjournals\CVRTH_RV150429.csv
[2015-05-14 14:05:07,836] INFO  com.gt.util.ConstructZipFile  - Completed constructing zip file 
[2015-05-14 14:05:07,836] INFO  com.gt.util.ConstructZipFile  - Start constructing zip file 
[2015-05-14 14:05:07,836] INFO  com.gt.util.ConstructZipFile  - Start constructing zip file 
[2015-05-14 14:05:07,836] INFO  com.gt.util.ConstructZipFile  - CSV FILE NAME: D:\importjournals\CurrentJournals20150406.csv
[2015-05-14 14:05:07,836] INFO  com.gt.util.ConstructZipFile  - Completed constructing zip file 
[2015-05-14 14:05:07,836] INFO  com.gt.util.ConstructZipFile  - Start constructing zip file 
[2015-05-14 14:05:07,836] INFO  com.gt.util.ConstructZipFile  - CSV FILE NAME: D:\importjournals\CurrentJournals20150415.csv
[2015-05-14 14:05:07,836] INFO  com.gt.util.ConstructZipFile  - Start constructing zip file 
[2015-05-14 14:05:07,836] INFO  com.gt.util.ConstructZipFile  - CSV FILE NAME: D:\importjournals\COMTH_RV150429.csv
[2015-05-14 14:05:07,836] INFO  com.gt.util.ConstructZipFile  - Completed constructing zip file 
[2015-05-14 14:05:07,836] INFO  com.gt.util.ConstructZipFile  - Start constructing zip file 
[2015-05-14 14:05:07,836] INFO  com.gt.util.ConstructZipFile  - CSV FILE NAME: D:\importjournals\CurrentJournals20150407.csv
[2015-05-14 14:05:07,836] INFO  com.gt.util.ConstructZipFile  - CSV FILE NAME: D:\importjournals\CAATH_RV150429.csv
[2015-05-14 14:05:07,836] INFO  com.gt.util.ConstructZipFile  - Completed constructing zip file 
[2015-05-14 14:05:07,852] INFO  com.gt.util.ConstructZipFile  - Completed constructing zip file 
[2015-05-14 14:05:07,852] INFO  com.gt.util.ConstructZipFile  - Completed constructing zip file 
[2015-05-14 14:06:37,702] INFO  com.gt.util.ConstructZipFile  - Start constructing zip file 
[2015-05-14 14:06:37,702] INFO  com.gt.util.ConstructZipFile  - Start constructing zip file 
[2015-05-14 14:06:37,702] INFO  com.gt.util.ConstructZipFile  - Start constructing zip file 
[2015-05-14 14:06:37,702] INFO  com.gt.util.ConstructZipFile  - Start constructing zip file 
[2015-05-14 14:06:37,702] INFO  com.gt.util.ConstructZipFile  - Start constructing zip file 
[2015-05-14 14:06:37,702] INFO  com.gt.util.ConstructZipFile  - Start constructing zip file 
[2015-05-14 14:06:37,718] INFO  com.gt.util.ConstructZipFile  - CSV FILE NAME: D:\importjournals\CurrentJournals20150415.csv
[2015-05-14 14:06:37,718] INFO  com.gt.util.ConstructZipFile  - CSV FILE NAME: D:\importjournals\CVRTH_RV150429.csv
[2015-05-14 14:06:37,718] INFO  com.gt.util.ConstructZipFile  - Completed constructing zip file 
[2015-05-14 14:06:37,718] INFO  com.gt.util.ConstructZipFile  - CSV FILE NAME: D:\importjournals\CAATH_RV150429.csv
[2015-05-14 14:06:37,718] INFO  com.gt.util.ConstructZipFile  - CSV FILE NAME: D:\importjournals\COMTH_RV150429.csv
[2015-05-14 14:06:37,718] INFO  com.gt.util.ConstructZipFile  - Completed constructing zip file 
[2015-05-14 14:06:37,718] INFO  com.gt.util.ConstructZipFile  - Completed constructing zip file 
[2015-05-14 14:06:37,718] INFO  com.gt.util.ConstructZipFile  - Completed constructing zip file 
[2015-05-14 14:06:37,766] INFO  com.gt.util.ConstructZipFile  - CSV FILE NAME: D:\importjournals\CurrentJournals20150407.csv
[2015-05-14 14:06:37,766] INFO  com.gt.util.ConstructZipFile  - CSV FILE NAME: D:\importjournals\CurrentJournals20150406.csv
[2015-05-14 14:06:37,781] INFO  com.gt.util.ConstructZipFile  - Completed constructing zip file 
[2015-05-14 14:06:37,781] INFO  com.gt.util.ConstructZipFile  - Completed constructing zip file 
[2015-05-14 14:06:58,116] INFO  com.gt.util.ConstructZipFile  - Start constructing zip file 
[2015-05-14 14:06:58,116] INFO  com.gt.util.ConstructZipFile  - Start constructing zip file 
[2015-05-14 14:06:58,116] INFO  com.gt.util.ConstructZipFile  - Start constructing zip file 
[2015-05-14 14:06:58,116] INFO  com.gt.util.ConstructZipFile  - Start constructing zip file 
[2015-05-14 14:06:58,116] INFO  com.gt.util.ConstructZipFile  - Start constructing zip file 
[2015-05-14 14:06:58,116] INFO  com.gt.util.ConstructZipFile  - Start constructing zip file 
[2015-05-14 14:06:58,116] INFO  com.gt.util.ConstructZipFile  - CSV FILE NAME: D:\importjournals\CAATH_RV150429.csv
[2015-05-14 14:06:58,116] INFO  com.gt.util.ConstructZipFile  - CSV FILE NAME: D:\importjournals\CurrentJournals20150407.csv
[2015-05-14 14:06:58,132] INFO  com.gt.util.ConstructZipFile  - Completed constructing zip file 
[2015-05-14 14:06:58,132] INFO  com.gt.util.ConstructZipFile  - Completed constructing zip file 
[2015-05-14 14:06:58,132] INFO  com.gt.util.ConstructZipFile  - CSV FILE NAME: D:\importjournals\CurrentJournals20150415.csv
[2015-05-14 14:06:58,132] INFO  com.gt.util.ConstructZipFile  - CSV FILE NAME: D:\importjournals\CVRTH_RV150429.csv
[2015-05-14 14:06:58,132] INFO  com.gt.util.ConstructZipFile  - CSV FILE NAME: D:\importjournals\CurrentJournals20150406.csv
[2015-05-14 14:06:58,132] INFO  com.gt.util.ConstructZipFile  - CSV FILE NAME: D:\importjournals\COMTH_RV150429.csv
[2015-05-14 14:06:58,132] INFO  com.gt.util.ConstructZipFile  - Completed constructing zip file 
[2015-05-14 14:06:58,132] INFO  com.gt.util.ConstructZipFile  - Completed constructing zip file 
[2015-05-14 14:06:58,132] INFO  com.gt.util.ConstructZipFile  - Completed constructing zip file 
[2015-05-14 14:06:58,132] INFO  com.gt.util.ConstructZipFile  - Completed constructing zip file 
[2015-05-14 14:07:38,182] INFO  com.gt.util.ConstructZipFile  - Start constructing zip file 
[2015-05-14 14:07:38,182] INFO  com.gt.util.ConstructZipFile  - CSV FILE NAME: D:\importjournals\CAATH_RV150429.csv
[2015-05-14 14:07:38,198] INFO  com.gt.util.ConstructZipFile  - Start constructing zip file 
[2015-05-14 14:07:38,198] INFO  com.gt.util.ConstructZipFile  - CSV FILE NAME: D:\importjournals\CurrentJournals20150415.csv
[2015-05-14 14:07:38,198] INFO  com.gt.util.ConstructZipFile  - Completed constructing zip file 
[2015-05-14 14:07:38,198] INFO  com.gt.util.ConstructZipFile  - Completed constructing zip file 
[2015-05-14 14:07:38,198] INFO  com.gt.util.ConstructZipFile  - Start constructing zip file 
[2015-05-14 14:07:38,198] INFO  com.gt.util.ConstructZipFile  - CSV FILE NAME: D:\importjournals\CurrentJournals20150406.csv
[2015-05-14 14:07:38,198] INFO  com.gt.util.ConstructZipFile  - Start constructing zip file 
[2015-05-14 14:07:38,198] INFO  com.gt.util.ConstructZipFile  - CSV FILE NAME: D:\importjournals\CVRTH_RV150429.csv
[2015-05-14 14:07:38,198] INFO  com.gt.util.ConstructZipFile  - Start constructing zip file 
[2015-05-14 14:07:38,198] INFO  com.gt.util.ConstructZipFile  - Start constructing zip file 
[2015-05-14 14:07:38,198] INFO  com.gt.util.ConstructZipFile  - CSV FILE NAME: D:\importjournals\CurrentJournals20150407.csv
[2015-05-14 14:07:38,198] INFO  com.gt.util.ConstructZipFile  - CSV FILE NAME: D:\importjournals\COMTH_RV150429.csv
[2015-05-14 14:07:38,198] INFO  com.gt.util.ConstructZipFile  - Completed constructing zip file 
[2015-05-14 14:07:38,198] INFO  com.gt.util.ConstructZipFile  - Completed constructing zip file 
[2015-05-14 14:07:38,198] INFO  com.gt.util.ConstructZipFile  - Completed constructing zip file 
[2015-05-14 14:07:38,198] INFO  com.gt.util.ConstructZipFile  - Completed constructing zip file 
[2015-05-14 14:08:22,238] INFO  com.gt.util.ConstructZipFile  - Start constructing zip file 
[2015-05-14 14:08:22,238] INFO  com.gt.util.ConstructZipFile  - CSV FILE NAME: D:\importjournals\CurrentJournals20150415.csv
[2015-05-14 14:08:22,238] INFO  com.gt.util.ConstructZipFile  - Completed constructing zip file 
[2015-05-14 14:08:22,238] INFO  com.gt.util.ConstructZipFile  - Start constructing zip file 
[2015-05-14 14:08:22,254] INFO  com.gt.util.ConstructZipFile  - CSV FILE NAME: D:\importjournals\CAATH_RV150429.csv
[2015-05-14 14:08:22,254] INFO  com.gt.util.ConstructZipFile  - Completed constructing zip file 
[2015-05-14 14:08:22,238] INFO  com.gt.util.ConstructZipFile  - Start constructing zip file 
[2015-05-14 14:08:22,254] INFO  com.gt.util.ConstructZipFile  - CSV FILE NAME: D:\importjournals\CurrentJournals20150406.csv
[2015-05-14 14:08:22,238] INFO  com.gt.util.ConstructZipFile  - Start constructing zip file 
[2015-05-14 14:08:22,254] INFO  com.gt.util.ConstructZipFile  - CSV FILE NAME: D:\importjournals\COMTH_RV150429.csv
[2015-05-14 14:08:22,254] INFO  com.gt.util.ConstructZipFile  - Completed constructing zip file 
[2015-05-14 14:08:22,238] INFO  com.gt.util.ConstructZipFile  - Start constructing zip file 
[2015-05-14 14:08:22,254] INFO  com.gt.util.ConstructZipFile  - CSV FILE NAME: D:\importjournals\CVRTH_RV150429.csv
[2015-05-14 14:08:22,238] INFO  com.gt.util.ConstructZipFile  - Start constructing zip file 
[2015-05-14 14:08:22,254] INFO  com.gt.util.ConstructZipFile  - CSV FILE NAME: D:\importjournals\CurrentJournals20150407.csv
[2015-05-14 14:08:22,254] INFO  com.gt.util.ConstructZipFile  - Completed constructing zip file 
[2015-05-14 14:08:22,254] INFO  com.gt.util.ConstructZipFile  - Completed constructing zip file 
[2015-05-14 14:08:22,254] INFO  com.gt.util.ConstructZipFile  - Completed constructing zip file 
[2015-05-14 14:09:46,545] INFO  com.gt.util.ConstructZipFile  - Start constructing zip file 
[2015-05-14 14:09:46,561] INFO  com.gt.util.ConstructZipFile  - CSV FILE NAME: D:\importjournals\CVRTH_RV150429.csv
[2015-05-14 14:09:46,561] INFO  com.gt.util.ConstructZipFile  - Completed constructing zip file 
[2015-05-14 14:09:46,561] INFO  com.gt.util.ConstructZipFile  - Start constructing zip file 
[2015-05-14 14:09:46,561] INFO  com.gt.util.ConstructZipFile  - Start constructing zip file 
[2015-05-14 14:09:46,561] INFO  com.gt.util.ConstructZipFile  - CSV FILE NAME: D:\importjournals\CAATH_RV150429.csv
[2015-05-14 14:09:46,561] INFO  com.gt.util.ConstructZipFile  - Completed constructing zip file 
[2015-05-14 14:09:46,561] INFO  com.gt.util.ConstructZipFile  - Start constructing zip file 
[2015-05-14 14:09:46,561] INFO  com.gt.util.ConstructZipFile  - CSV FILE NAME: D:\importjournals\CurrentJournals20150406.csv
[2015-05-14 14:09:46,577] INFO  com.gt.util.ConstructZipFile  - Completed constructing zip file 
[2015-05-14 14:09:46,561] INFO  com.gt.util.ConstructZipFile  - Start constructing zip file 
[2015-05-14 14:09:46,577] INFO  com.gt.util.ConstructZipFile  - CSV FILE NAME: D:\importjournals\CurrentJournals20150415.csv
[2015-05-14 14:09:46,577] INFO  com.gt.util.ConstructZipFile  - CSV FILE NAME: D:\importjournals\CurrentJournals20150407.csv
[2015-05-14 14:09:46,577] INFO  com.gt.util.ConstructZipFile  - Completed constructing zip file 
[2015-05-14 14:09:46,577] INFO  com.gt.util.ConstructZipFile  - Completed constructing zip file 
[2015-05-14 14:09:46,577] INFO  com.gt.util.ConstructZipFile  - Start constructing zip file 
[2015-05-14 14:09:46,577] INFO  com.gt.util.ConstructZipFile  - CSV FILE NAME: D:\importjournals\COMTH_RV150429.csv
[2015-05-14 14:09:46,577] INFO  com.gt.util.ConstructZipFile  - Completed constructing zip file 
[2015-05-14 14:10:13,775] INFO  com.gt.util.ConstructZipFile  - Start constructing zip file 
[2015-05-14 14:10:13,775] INFO  com.gt.util.ConstructZipFile  - CSV FILE NAME: D:\importjournals\CVRTH_RV150429.csv
[2015-05-14 14:10:13,791] INFO  com.gt.util.ConstructZipFile  - Completed constructing zip file 
[2015-05-14 14:10:13,791] INFO  com.gt.util.ConstructZipFile  - Start constructing zip file 
[2015-05-14 14:10:13,791] INFO  com.gt.util.ConstructZipFile  - Start constructing zip file 
[2015-05-14 14:10:13,791] INFO  com.gt.util.ConstructZipFile  - CSV FILE NAME: D:\importjournals\CurrentJournals20150407.csv
[2015-05-14 14:10:13,791] INFO  com.gt.util.ConstructZipFile  - Start constructing zip file 
[2015-05-14 14:10:13,791] INFO  com.gt.util.ConstructZipFile  - CSV FILE NAME: D:\importjournals\CurrentJournals20150415.csv
[2015-05-14 14:10:13,791] INFO  com.gt.util.ConstructZipFile  - Completed constructing zip file 
[2015-05-14 14:10:13,791] INFO  com.gt.util.ConstructZipFile  - Start constructing zip file 
[2015-05-14 14:10:13,791] INFO  com.gt.util.ConstructZipFile  - Completed constructing zip file 
[2015-05-14 14:10:13,791] INFO  com.gt.util.ConstructZipFile  - CSV FILE NAME: D:\importjournals\CAATH_RV150429.csv
[2015-05-14 14:10:13,791] INFO  com.gt.util.ConstructZipFile  - CSV FILE NAME: D:\importjournals\CurrentJournals20150406.csv
[2015-05-14 14:10:13,791] INFO  com.gt.util.ConstructZipFile  - Completed constructing zip file 
[2015-05-14 14:10:13,791] INFO  com.gt.util.ConstructZipFile  - Start constructing zip file 
[2015-05-14 14:10:13,791] INFO  com.gt.util.ConstructZipFile  - CSV FILE NAME: D:\importjournals\COMTH_RV150429.csv
[2015-05-14 14:10:13,791] INFO  com.gt.util.ConstructZipFile  - Completed constructing zip file 
[2015-05-14 14:10:13,806] INFO  com.gt.util.ConstructZipFile  - Completed constructing zip file 
[2015-05-14 14:15:07,865] INFO  com.gt.util.ConstructZipFile  - Start constructing zip file 
[2015-05-14 14:15:07,865] INFO  com.gt.util.ConstructZipFile  - CSV FILE NAME: D:\importjournals\CVRTH_RV150429.csv
[2015-05-14 14:15:07,881] INFO  com.gt.util.ConstructZipFile  - Completed constructing zip file 
[2015-05-14 14:15:07,881] INFO  com.gt.util.ConstructZipFile  - Start constructing zip file 
[2015-05-14 14:15:07,881] INFO  com.gt.util.ConstructZipFile  - Start constructing zip file 
[2015-05-14 14:15:07,881] INFO  com.gt.util.ConstructZipFile  - CSV FILE NAME: D:\importjournals\CurrentJournals20150407.csv
[2015-05-14 14:15:07,881] INFO  com.gt.util.ConstructZipFile  - Start constructing zip file 
[2015-05-14 14:15:07,881] INFO  com.gt.util.ConstructZipFile  - CSV FILE NAME: D:\importjournals\CurrentJournals20150415.csv
[2015-05-14 14:15:07,881] INFO  com.gt.util.ConstructZipFile  - Completed constructing zip file 
[2015-05-14 14:15:07,881] INFO  com.gt.util.ConstructZipFile  - Start constructing zip file 
[2015-05-14 14:15:07,881] INFO  com.gt.util.ConstructZipFile  - CSV FILE NAME: D:\importjournals\CAATH_RV150429.csv
[2015-05-14 14:15:07,881] INFO  com.gt.util.ConstructZipFile  - CSV FILE NAME: D:\importjournals\CurrentJournals20150406.csv
[2015-05-14 14:15:07,881] INFO  com.gt.util.ConstructZipFile  - Completed constructing zip file 
[2015-05-14 14:15:07,881] INFO  com.gt.util.ConstructZipFile  - Start constructing zip file 
[2015-05-14 14:15:07,881] INFO  com.gt.util.ConstructZipFile  - CSV FILE NAME: D:\importjournals\COMTH_RV150429.csv
[2015-05-14 14:15:07,881] INFO  com.gt.util.ConstructZipFile  - Completed constructing zip file 
[2015-05-14 14:15:07,881] INFO  com.gt.util.ConstructZipFile  - Completed constructing zip file 
[2015-05-14 14:15:07,881] INFO  com.gt.util.ConstructZipFile  - Completed constructing zip file 
[2015-05-14 14:15:27,804] INFO  com.gt.util.ConstructZipFile  - Start constructing zip file 
[2015-05-14 14:15:27,804] INFO  com.gt.util.ConstructZipFile  - CSV FILE NAME: D:\importjournals\CAATH_RV150429.csv
[2015-05-14 14:15:27,820] INFO  com.gt.util.ConstructZipFile  - Completed constructing zip file 
[2015-05-14 14:15:27,820] INFO  com.gt.util.ConstructZipFile  - Start constructing zip file 
[2015-05-14 14:15:27,820] INFO  com.gt.util.ConstructZipFile  - CSV FILE NAME: D:\importjournals\CurrentJournals20150415.csv
[2015-05-14 14:15:27,820] INFO  com.gt.util.ConstructZipFile  - Completed constructing zip file 
[2015-05-14 14:15:27,820] INFO  com.gt.util.ConstructZipFile  - Start constructing zip file 
[2015-05-14 14:15:27,820] INFO  com.gt.util.ConstructZipFile  - CSV FILE NAME: D:\importjournals\CurrentJournals20150406.csv
[2015-05-14 14:15:27,820] INFO  com.gt.util.ConstructZipFile  - Start constructing zip file 
[2015-05-14 14:15:27,820] INFO  com.gt.util.ConstructZipFile  - CSV FILE NAME: D:\importjournals\COMTH_RV150429.csv
[2015-05-14 14:15:27,820] INFO  com.gt.util.ConstructZipFile  - Start constructing zip file 
[2015-05-14 14:15:27,820] INFO  com.gt.util.ConstructZipFile  - Completed constructing zip file 
[2015-05-14 14:15:27,820] INFO  com.gt.util.ConstructZipFile  - CSV FILE NAME: D:\importjournals\CVRTH_RV150429.csv
[2015-05-14 14:15:27,820] INFO  com.gt.util.ConstructZipFile  - Completed constructing zip file 
[2015-05-14 14:15:27,820] INFO  com.gt.util.ConstructZipFile  - Start constructing zip file 
[2015-05-14 14:15:27,820] INFO  com.gt.util.ConstructZipFile  - CSV FILE NAME: D:\importjournals\CurrentJournals20150407.csv
[2015-05-14 14:15:27,820] INFO  com.gt.util.ConstructZipFile  - Completed constructing zip file 
[2015-05-14 14:15:27,820] INFO  com.gt.util.ConstructZipFile  - Completed constructing zip file 
[2015-05-14 14:16:01,305] INFO  com.gt.util.ConstructZipFile  - Start constructing zip file 
[2015-05-14 14:16:01,305] INFO  com.gt.util.ConstructZipFile  - Start constructing zip file 
[2015-05-14 14:16:01,305] INFO  com.gt.util.ConstructZipFile  - Start constructing zip file 
[2015-05-14 14:16:01,305] INFO  com.gt.util.ConstructZipFile  - Start constructing zip file 
[2015-05-14 14:16:01,305] INFO  com.gt.util.ConstructZipFile  - Start constructing zip file 
[2015-05-14 14:16:01,305] INFO  com.gt.util.ConstructZipFile  - Start constructing zip file 
[2015-05-14 14:16:01,305] INFO  com.gt.util.ConstructZipFile  - CSV FILE NAME: D:\importjournals\COMTH_RV150429.csv
[2015-05-14 14:16:01,321] INFO  com.gt.util.ConstructZipFile  - Completed constructing zip file 
[2015-05-14 14:16:01,305] INFO  com.gt.util.ConstructZipFile  - CSV FILE NAME: D:\importjournals\CAATH_RV150429.csv
[2015-05-14 14:16:01,321] INFO  com.gt.util.ConstructZipFile  - Completed constructing zip file 
[2015-05-14 14:16:01,305] INFO  com.gt.util.ConstructZipFile  - CSV FILE NAME: D:\importjournals\CurrentJournals20150406.csv
[2015-05-14 14:16:01,321] INFO  com.gt.util.ConstructZipFile  - Completed constructing zip file 
[2015-05-14 14:16:01,305] INFO  com.gt.util.ConstructZipFile  - CSV FILE NAME: D:\importjournals\CurrentJournals20150415.csv
[2015-05-14 14:16:01,321] INFO  com.gt.util.ConstructZipFile  - CSV FILE NAME: D:\importjournals\CurrentJournals20150407.csv
[2015-05-14 14:16:01,321] INFO  com.gt.util.ConstructZipFile  - Completed constructing zip file 
[2015-05-14 14:16:01,321] INFO  com.gt.util.ConstructZipFile  - Completed constructing zip file 
[2015-05-14 14:16:01,321] INFO  com.gt.util.ConstructZipFile  - CSV FILE NAME: D:\importjournals\CVRTH_RV150429.csv
[2015-05-14 14:16:01,321] INFO  com.gt.util.ConstructZipFile  - Completed constructing zip file 
[2015-05-14 14:17:05,526] INFO  com.gt.util.ConstructZipFile  - Start constructing zip file 
[2015-05-14 14:17:05,526] INFO  com.gt.util.ConstructZipFile  - CSV FILE NAME: D:\importjournals\CAATH_RV150429.csv
[2015-05-14 14:17:05,542] INFO  com.gt.util.ConstructZipFile  - Completed constructing zip file 
[2015-05-14 14:17:05,542] INFO  com.gt.util.ConstructZipFile  - Start constructing zip file 
[2015-05-14 14:17:05,542] INFO  com.gt.util.ConstructZipFile  - Start constructing zip file 
[2015-05-14 14:17:05,542] INFO  com.gt.util.ConstructZipFile  - Start constructing zip file 
[2015-05-14 14:17:05,542] INFO  com.gt.util.ConstructZipFile  - CSV FILE NAME: D:\importjournals\CVRTH_RV150429.csv
[2015-05-14 14:17:05,542] INFO  com.gt.util.ConstructZipFile  - Start constructing zip file 
[2015-05-14 14:17:05,542] INFO  com.gt.util.ConstructZipFile  - CSV FILE NAME: D:\importjournals\COMTH_RV150429.csv
[2015-05-14 14:17:05,542] INFO  com.gt.util.ConstructZipFile  - Completed constructing zip file 
[2015-05-14 14:17:05,542] INFO  com.gt.util.ConstructZipFile  - CSV FILE NAME: D:\importjournals\CurrentJournals20150415.csv
[2015-05-14 14:17:05,542] INFO  com.gt.util.ConstructZipFile  - Start constructing zip file 
[2015-05-14 14:17:05,542] INFO  com.gt.util.ConstructZipFile  - CSV FILE NAME: D:\importjournals\CurrentJournals20150406.csv
[2015-05-14 14:17:05,542] INFO  com.gt.util.ConstructZipFile  - Completed constructing zip file 
[2015-05-14 14:17:05,542] INFO  com.gt.util.ConstructZipFile  - CSV FILE NAME: D:\importjournals\CurrentJournals20150407.csv
[2015-05-14 14:17:05,542] INFO  com.gt.util.ConstructZipFile  - Completed constructing zip file 
[2015-05-14 14:17:05,542] INFO  com.gt.util.ConstructZipFile  - Completed constructing zip file 
[2015-05-14 14:17:05,542] INFO  com.gt.util.ConstructZipFile  - Completed constructing zip file 
[2015-05-14 14:17:45,198] INFO  com.gt.util.ConstructZipFile  - Start constructing zip file 
[2015-05-14 14:17:45,198] INFO  com.gt.util.ConstructZipFile  - Start constructing zip file 
[2015-05-14 14:17:45,198] INFO  com.gt.util.ConstructZipFile  - CSV FILE NAME: D:\importjournals\CAATH_RV150429.csv
[2015-05-14 14:17:45,213] INFO  com.gt.util.ConstructZipFile  - Completed constructing zip file 
[2015-05-14 14:17:45,213] INFO  com.gt.util.ConstructZipFile  - CSV FILE NAME: D:\importjournals\COMTH_RV150429.csv
[2015-05-14 14:17:45,213] INFO  com.gt.util.ConstructZipFile  - Completed constructing zip file 
[2015-05-14 14:17:48,226] INFO  com.gt.util.ConstructZipFile  - Start constructing zip file 
[2015-05-14 14:17:48,226] INFO  com.gt.util.ConstructZipFile  - Start constructing zip file 
[2015-05-14 14:17:48,226] INFO  com.gt.util.ConstructZipFile  - CSV FILE NAME: D:\importjournals\CurrentJournals20150406.csv
[2015-05-14 14:17:48,226] INFO  com.gt.util.ConstructZipFile  - CSV FILE NAME: D:\importjournals\CurrentJournals20150407.csv
[2015-05-14 14:17:48,226] INFO  com.gt.util.ConstructZipFile  - Completed constructing zip file 
[2015-05-14 14:17:48,226] INFO  com.gt.util.ConstructZipFile  - Completed constructing zip file 
[2015-05-14 14:17:51,238] INFO  com.gt.util.ConstructZipFile  - Start constructing zip file 
[2015-05-14 14:17:51,238] INFO  com.gt.util.ConstructZipFile  - Start constructing zip file 
[2015-05-14 14:17:51,238] INFO  com.gt.util.ConstructZipFile  - CSV FILE NAME: D:\importjournals\CurrentJournals20150415.csv
[2015-05-14 14:17:51,238] INFO  com.gt.util.ConstructZipFile  - CSV FILE NAME: D:\importjournals\CVRTH_RV150429.csv
[2015-05-14 14:17:51,238] INFO  com.gt.util.ConstructZipFile  - Completed constructing zip file 
[2015-05-14 14:17:51,238] INFO  com.gt.util.ConstructZipFile  - Completed constructing zip file 
[2015-05-14 14:18:39,458] INFO  com.gt.util.ConstructZipFile  - Start constructing zip file 
[2015-05-14 14:18:39,458] INFO  com.gt.util.ConstructZipFile  - Start constructing zip file 
[2015-05-14 14:18:39,458] INFO  com.gt.util.ConstructZipFile  - Start constructing zip file 
[2015-05-14 14:18:39,458] INFO  com.gt.util.ConstructZipFile  - Start constructing zip file 
[2015-05-14 14:18:39,458] INFO  com.gt.util.ConstructZipFile  - CSV FILE NAME: D:\importjournals\CAATH_RV150429.csv
[2015-05-14 14:18:39,474] INFO  com.gt.util.ConstructZipFile  - Completed constructing zip file 
[2015-05-14 14:18:39,474] INFO  com.gt.util.ConstructZipFile  - CSV FILE NAME: D:\importjournals\CurrentJournals20150406.csv
[2015-05-14 14:18:39,474] INFO  com.gt.util.ConstructZipFile  - CSV FILE NAME: D:\importjournals\COMTH_RV150429.csv
[2015-05-14 14:18:39,474] INFO  com.gt.util.ConstructZipFile  - Completed constructing zip file 
[2015-05-14 14:18:39,474] INFO  com.gt.util.ConstructZipFile  - Completed constructing zip file 
[2015-05-14 14:18:39,474] INFO  com.gt.util.ConstructZipFile  - CSV FILE NAME: D:\importjournals\CurrentJournals20150407.csv
[2015-05-14 14:18:39,474] INFO  com.gt.util.ConstructZipFile  - Completed constructing zip file 
[2015-05-14 14:18:42,485] INFO  com.gt.util.ConstructZipFile  - Start constructing zip file 
[2015-05-14 14:18:42,485] INFO  com.gt.util.ConstructZipFile  - CSV FILE NAME: D:\importjournals\CurrentJournals20150415.csv
[2015-05-14 14:18:42,485] INFO  com.gt.util.ConstructZipFile  - Completed constructing zip file 
[2015-05-14 14:18:42,485] INFO  com.gt.util.ConstructZipFile  - Start constructing zip file 
[2015-05-14 14:18:42,485] INFO  com.gt.util.ConstructZipFile  - CSV FILE NAME: D:\importjournals\CVRTH_RV150429.csv
[2015-05-14 14:18:42,485] INFO  com.gt.util.ConstructZipFile  - Completed constructing zip file 
[2015-05-14 14:19:05,885] INFO  com.gt.util.ConstructZipFile  - Start constructing zip file 
[2015-05-14 14:19:05,885] INFO  com.gt.util.ConstructZipFile  - CSV FILE NAME: D:\importjournals\CVRTH_RV150429.csv
[2015-05-14 14:19:05,901] INFO  com.gt.util.ConstructZipFile  - Completed constructing zip file 
[2015-05-14 14:19:05,901] INFO  com.gt.util.ConstructZipFile  - Start constructing zip file 
[2015-05-14 14:19:05,901] INFO  com.gt.util.ConstructZipFile  - Start constructing zip file 
[2015-05-14 14:19:05,901] INFO  com.gt.util.ConstructZipFile  - CSV FILE NAME: D:\importjournals\CurrentJournals20150415.csv
[2015-05-14 14:19:05,901] INFO  com.gt.util.ConstructZipFile  - CSV FILE NAME: D:\importjournals\CurrentJournals20150407.csv
[2015-05-14 14:19:05,901] INFO  com.gt.util.ConstructZipFile  - Completed constructing zip file 
[2015-05-14 14:19:05,901] INFO  com.gt.util.ConstructZipFile  - Start constructing zip file 
[2015-05-14 14:19:05,901] INFO  com.gt.util.ConstructZipFile  - CSV FILE NAME: D:\importjournals\CurrentJournals20150406.csv
[2015-05-14 14:19:05,901] INFO  com.gt.util.ConstructZipFile  - Completed constructing zip file 
[2015-05-14 14:19:05,901] INFO  com.gt.util.ConstructZipFile  - Start constructing zip file 
[2015-05-14 14:19:05,901] INFO  com.gt.util.ConstructZipFile  - Completed constructing zip file 
[2015-05-14 14:19:05,901] INFO  com.gt.util.ConstructZipFile  - Start constructing zip file 
[2015-05-14 14:19:05,901] INFO  com.gt.util.ConstructZipFile  - CSV FILE NAME: D:\importjournals\COMTH_RV150429.csv
[2015-05-14 14:19:05,901] INFO  com.gt.util.ConstructZipFile  - CSV FILE NAME: D:\importjournals\CAATH_RV150429.csv
[2015-05-14 14:19:05,917] INFO  com.gt.util.ConstructZipFile  - Completed constructing zip file 
[2015-05-14 14:19:05,917] INFO  com.gt.util.ConstructZipFile  - Completed constructing zip file 
[2015-05-14 14:20:20,808] INFO  com.gt.util.ConstructZipFile  - Start constructing zip file 
[2015-05-14 14:20:20,824] INFO  com.gt.util.ConstructZipFile  - CSV FILE NAME: D:\importjournals\CurrentJournals20150407.csv
[2015-05-14 14:20:20,824] INFO  com.gt.util.ConstructZipFile  - Completed constructing zip file 
[2015-05-14 14:20:20,824] INFO  com.gt.util.ConstructZipFile  - Start constructing zip file 
[2015-05-14 14:20:20,824] INFO  com.gt.util.ConstructZipFile  - Start constructing zip file 
[2015-05-14 14:20:20,824] INFO  com.gt.util.ConstructZipFile  - CSV FILE NAME: D:\importjournals\CurrentJournals20150415.csv
[2015-05-14 14:20:20,824] INFO  com.gt.util.ConstructZipFile  - CSV FILE NAME: D:\importjournals\COMTH_RV150429.csv
[2015-05-14 14:20:20,839] INFO  com.gt.util.ConstructZipFile  - Completed constructing zip file 
[2015-05-14 14:20:20,839] INFO  com.gt.util.ConstructZipFile  - Start constructing zip file 
[2015-05-14 14:20:20,839] INFO  com.gt.util.ConstructZipFile  - CSV FILE NAME: D:\importjournals\CurrentJournals20150406.csv
[2015-05-14 14:20:20,840] INFO  com.gt.util.ConstructZipFile  - Completed constructing zip file 
[2015-05-14 14:20:20,840] INFO  com.gt.util.ConstructZipFile  - Start constructing zip file 
[2015-05-14 14:20:20,840] INFO  com.gt.util.ConstructZipFile  - Completed constructing zip file 
[2015-05-14 14:20:20,840] INFO  com.gt.util.ConstructZipFile  - CSV FILE NAME: D:\importjournals\CVRTH_RV150429.csv
[2015-05-14 14:20:20,840] INFO  com.gt.util.ConstructZipFile  - Start constructing zip file 
[2015-05-14 14:20:20,840] INFO  com.gt.util.ConstructZipFile  - CSV FILE NAME: D:\importjournals\CAATH_RV150429.csv
[2015-05-14 14:20:20,840] INFO  com.gt.util.ConstructZipFile  - Completed constructing zip file 
[2015-05-14 14:20:20,840] INFO  com.gt.util.ConstructZipFile  - Completed constructing zip file 
[2015-05-14 14:22:53,056] INFO  com.gt.util.ConstructZipFile  - Start constructing zip file 
[2015-05-14 14:22:53,056] INFO  com.gt.util.ConstructZipFile  - CSV FILE NAME: D:\importjournals\CurrentJournals20150415.csv
[2015-05-14 14:22:53,071] INFO  com.gt.util.ConstructZipFile  - Completed constructing zip file 
[2015-05-14 14:22:53,071] INFO  com.gt.util.ConstructZipFile  - Start constructing zip file 
[2015-05-14 14:22:53,071] INFO  com.gt.util.ConstructZipFile  - Start constructing zip file 
[2015-05-14 14:22:53,071] INFO  com.gt.util.ConstructZipFile  - CSV FILE NAME: D:\importjournals\CurrentJournals20150407.csv
[2015-05-14 14:22:53,071] INFO  com.gt.util.ConstructZipFile  - Start constructing zip file 
[2015-05-14 14:22:53,071] INFO  com.gt.util.ConstructZipFile  - CSV FILE NAME: D:\importjournals\COMTH_RV150429.csv
[2015-05-14 14:22:53,071] INFO  com.gt.util.ConstructZipFile  - Start constructing zip file 
[2015-05-14 14:22:53,071] INFO  com.gt.util.ConstructZipFile  - CSV FILE NAME: D:\importjournals\CVRTH_RV150429.csv
[2015-05-14 14:22:53,071] INFO  com.gt.util.ConstructZipFile  - Completed constructing zip file 
[2015-05-14 14:22:53,071] INFO  com.gt.util.ConstructZipFile  - Completed constructing zip file 
[2015-05-14 14:22:53,071] INFO  com.gt.util.ConstructZipFile  - Completed constructing zip file 
[2015-05-14 14:22:53,071] INFO  com.gt.util.ConstructZipFile  - Start constructing zip file 
[2015-05-14 14:22:53,071] INFO  com.gt.util.ConstructZipFile  - CSV FILE NAME: D:\importjournals\CAATH_RV150429.csv
[2015-05-14 14:22:53,071] INFO  com.gt.util.ConstructZipFile  - Completed constructing zip file 
[2015-05-14 14:22:53,071] INFO  com.gt.util.ConstructZipFile  - CSV FILE NAME: D:\importjournals\CurrentJournals20150406.csv
[2015-05-14 14:22:53,071] INFO  com.gt.util.ConstructZipFile  - Completed constructing zip file 
